2015-01-11 12:48:22 =ERROR REPORT====
/Users/yutao/Documents/erlang/mill/src/util/util.erl:25: Warning: function test/0 is unused
/Users/yutao/Documents/erlang/mill/src/util/util.erl:0: Recompiled with 1 warnings
2015-01-11 14:26:19 =ERROR REPORT====
/Users/yutao/Documents/erlang/mill/src/util/test.erl:2: Error: no module definition
2015-01-11 14:32:33 =ERROR REPORT====
/Users/yutao/Documents/erlang/mill/src/util/test.erl:none: Error: no such file or directory
2015-01-11 14:36:24 =ERROR REPORT====
/Users/yutao/Documents/erlang/mill/src/util/test.erl:none: Error: no such file or directory
2015-01-11 14:37:22 =ERROR REPORT====
/Users/yutao/Documents/erlang/mill/src/util/test.erl:none: Error: no such file or directory
2015-01-11 20:55:55 =ERROR REPORT====
/Users/yutao/Documents/erlang/mill/src/util/util.erl:7: Warning: record test is unused
/Users/yutao/Documents/erlang/mill/src/util/util.erl:0: Recompiled with 1 warnings
2015-01-11 20:57:11 =ERROR REPORT====
/Users/yutao/Documents/erlang/mill/src/util/util.erl:7: Warning: record test is unused
/Users/yutao/Documents/erlang/mill/src/util/util.erl:0: Recompiled with 1 warnings
2015-01-11 21:04:13 =ERROR REPORT====
/Users/yutao/Documents/erlang/mill/src/util/util.erl:7: Warning: record test is unused
/Users/yutao/Documents/erlang/mill/src/util/util.erl:15: Warning: function test/0 is unused
/Users/yutao/Documents/erlang/mill/src/util/util.erl:0: Recompiled with 1 warnings
2015-01-11 21:05:03 =ERROR REPORT====
/Users/yutao/Documents/erlang/mill/src/util/util.erl:7: Warning: record test is unused
/Users/yutao/Documents/erlang/mill/src/util/util.erl:15: Warning: function test/0 is unused
/Users/yutao/Documents/erlang/mill/src/util/util.erl:16: Warning: the result of the expression is ignored (suppress the warning by assigning the expression to the _ variable)
/Users/yutao/Documents/erlang/mill/src/util/util.erl:0: Recompiled with 1 warnings
2015-01-11 21:05:09 =ERROR REPORT====
/Users/yutao/Documents/erlang/mill/src/util/util.erl:7: Warning: record test is unused
/Users/yutao/Documents/erlang/mill/src/util/util.erl:15: Warning: function test/0 is unused
/Users/yutao/Documents/erlang/mill/src/util/util.erl:16: Warning: the result of the expression is ignored (suppress the warning by assigning the expression to the _ variable)
/Users/yutao/Documents/erlang/mill/src/util/util.erl:0: Recompiled with 1 warnings
2015-01-11 21:05:10 =ERROR REPORT====
/Users/yutao/Documents/erlang/mill/src/util/util.erl:7: Warning: record test is unused
/Users/yutao/Documents/erlang/mill/src/util/util.erl:15: Warning: function test/0 is unused
/Users/yutao/Documents/erlang/mill/src/util/util.erl:16: Warning: the result of the expression is ignored (suppress the warning by assigning the expression to the _ variable)
/Users/yutao/Documents/erlang/mill/src/util/util.erl:0: Recompiled with 1 warnings
2015-01-11 21:05:12 =ERROR REPORT====
/Users/yutao/Documents/erlang/mill/src/util/util.erl:7: Warning: record test is unused
/Users/yutao/Documents/erlang/mill/src/util/util.erl:15: Warning: function test/0 is unused
/Users/yutao/Documents/erlang/mill/src/util/util.erl:16: Warning: the result of the expression is ignored (suppress the warning by assigning the expression to the _ variable)
/Users/yutao/Documents/erlang/mill/src/util/util.erl:0: Recompiled with 1 warnings
2015-01-11 21:05:14 =ERROR REPORT====
/Users/yutao/Documents/erlang/mill/src/util/util.erl:7: Warning: record test is unused
/Users/yutao/Documents/erlang/mill/src/util/util.erl:15: Warning: function test/0 is unused
/Users/yutao/Documents/erlang/mill/src/util/util.erl:16: Warning: the result of the expression is ignored (suppress the warning by assigning the expression to the _ variable)
/Users/yutao/Documents/erlang/mill/src/util/util.erl:0: Recompiled with 1 warnings
2015-01-11 21:05:18 =ERROR REPORT====
/Users/yutao/Documents/erlang/mill/src/util/util.erl:7: Warning: record test is unused
/Users/yutao/Documents/erlang/mill/src/util/util.erl:17: Error: syntax error before: "abcdefg"
2015-01-11 21:05:21 =ERROR REPORT====
/Users/yutao/Documents/erlang/mill/src/util/util.erl:7: Warning: record test is unused
/Users/yutao/Documents/erlang/mill/src/util/util.erl:15: Warning: function test/0 is unused
/Users/yutao/Documents/erlang/mill/src/util/util.erl:16: Warning: the result of the expression is ignored (suppress the warning by assigning the expression to the _ variable)
/Users/yutao/Documents/erlang/mill/src/util/util.erl:0: Recompiled with 1 warnings
2015-01-11 21:05:23 =ERROR REPORT====
/Users/yutao/Documents/erlang/mill/src/util/util.erl:7: Warning: record test is unused
/Users/yutao/Documents/erlang/mill/src/util/util.erl:15: Warning: function test/0 is unused
/Users/yutao/Documents/erlang/mill/src/util/util.erl:16: Warning: the result of the expression is ignored (suppress the warning by assigning the expression to the _ variable)
/Users/yutao/Documents/erlang/mill/src/util/util.erl:0: Recompiled with 1 warnings
2015-01-11 21:05:24 =ERROR REPORT====
/Users/yutao/Documents/erlang/mill/src/util/util.erl:7: Warning: record test is unused
/Users/yutao/Documents/erlang/mill/src/util/util.erl:15: Warning: function test/0 is unused
/Users/yutao/Documents/erlang/mill/src/util/util.erl:16: Warning: the result of the expression is ignored (suppress the warning by assigning the expression to the _ variable)
/Users/yutao/Documents/erlang/mill/src/util/util.erl:0: Recompiled with 1 warnings
2015-01-11 21:06:31 =SUPERVISOR REPORT====
     Supervisor: {local,reddy_conn_sup}
     Context:    shutdown_error
     Reason:     normal
     Offender:   [{nb_children,2},{name,reddy_conn},{mfargs,{reddy_conn,start_link,[]}},{restart_type,temporary},{shutdown,brutal_kill},{child_type,worker}]

2015-01-14 20:52:19 =SUPERVISOR REPORT====
     Supervisor: {local,littleapp_sup}
     Context:    start_error
     Reason:     {undef,[{mill_config,get,["redis_server","host"],[]},{little_cache,start,0,[{file,"src/little_cache.erl"},{line,13}]},{little_web,init,1,[{file,"src/little_web.erl"},{line,61}]},{gen_server,init_it,6,[{file,"gen_server.erl"},{line,306}]},{proc_lib,init_p_do_apply,3,[{file,"proc_lib.erl"},{line,239}]}]}
     Offender:   [{pid,undefined},{name,little_web},{mfargs,{little_web,start_link,[]}},{restart_type,permanent},{shutdown,5000},{child_type,worker}]

2015-01-14 20:52:19 =CRASH REPORT====
  crasher:
    initial call: little_web:init/1
    pid: <0.111.0>
    registered_name: []
    exception exit: {{undef,[{mill_config,get,["redis_server","host"],[]},{little_cache,start,0,[{file,"src/little_cache.erl"},{line,13}]},{little_web,init,1,[{file,"src/little_web.erl"},{line,61}]},{gen_server,init_it,6,[{file,"gen_server.erl"},{line,306}]},{proc_lib,init_p_do_apply,3,[{file,"proc_lib.erl"},{line,239}]}]},[{gen_server,init_it,6,[{file,"gen_server.erl"},{line,330}]},{proc_lib,init_p_do_apply,3,[{file,"proc_lib.erl"},{line,239}]}]}
    ancestors: [littleapp_sup,<0.109.0>]
    messages: []
    links: [<0.110.0>]
    dictionary: []
    trap_exit: false
    status: running
    heap_size: 987
    stack_size: 27
    reductions: 594
  neighbours:
2015-01-14 20:52:19 =CRASH REPORT====
  crasher:
    initial call: application_master:init/4
    pid: <0.108.0>
    registered_name: []
    exception exit: {{{shutdown,{failed_to_start_child,little_web,{undef,[{mill_config,get,["redis_server","host"],[]},{little_cache,start,0,[{file,"src/little_cache.erl"},{line,13}]},{little_web,init,1,[{file,"src/little_web.erl"},{line,61}]},{gen_server,init_it,6,[{file,"gen_server.erl"},{line,306}]},{proc_lib,init_p_do_apply,3,[{file,"proc_lib.erl"},{line,239}]}]}}},{little_app,start,[normal,[]]}},[{application_master,init,4,[{file,"application_master.erl"},{line,133}]},{proc_lib,init_p_do_apply,3,[{file,"proc_lib.erl"},{line,239}]}]}
    ancestors: [<0.107.0>]
    messages: [{'EXIT',<0.109.0>,normal}]
    links: [<0.107.0>,<0.7.0>]
    dictionary: []
    trap_exit: true
    status: running
    heap_size: 610
    stack_size: 27
    reductions: 168
  neighbours:
2015-01-14 21:13:24 =ERROR REPORT====
/Users/yutao/Documents/erlang/server_base/src/conf/mysql_config.erl:8: Warning: this clause cannot match because a previous clause at line 7 always matches
/Users/yutao/Documents/erlang/server_base/src/conf/mysql_config.erl:0: Recompiled with 1 warnings
2015-01-14 21:14:07 =ERROR REPORT====
/Users/yutao/Documents/erlang/server_base/src/conf/mysql_config.erl:4: Error: function get/2 undefined
/Users/yutao/Documents/erlang/server_base/src/conf/mysql_config.erl:10: Error: syntax error before: 
2015-01-14 21:14:36 =ERROR REPORT====
/Users/yutao/Documents/erlang/server_base/src/conf/mysql_config.erl:4: Error: function get/2 undefined
/Users/yutao/Documents/erlang/server_base/src/conf/mysql_config.erl:11: Error: syntax error before: 
2015-01-14 21:14:42 =ERROR REPORT====
/Users/yutao/Documents/erlang/server_base/src/conf/mysql_config.erl:4: Error: function get/2 undefined
/Users/yutao/Documents/erlang/server_base/src/conf/mysql_config.erl:11: Error: syntax error before: 
2015-01-14 21:14:52 =ERROR REPORT====
/Users/yutao/Documents/erlang/server_base/src/conf/mysql_config.erl:4: Error: function get/2 undefined
/Users/yutao/Documents/erlang/server_base/src/conf/mysql_config.erl:11: Error: syntax error before: 
2015-01-14 21:14:53 =ERROR REPORT====
/Users/yutao/Documents/erlang/server_base/src/conf/mysql_config.erl:4: Error: function get/2 undefined
/Users/yutao/Documents/erlang/server_base/src/conf/mysql_config.erl:11: Error: syntax error before: 
2015-01-14 21:15:04 =ERROR REPORT====
/Users/yutao/Documents/erlang/server_base/src/conf/mysql_config.erl:4: Error: function get/2 undefined
/Users/yutao/Documents/erlang/server_base/src/conf/mysql_config.erl:12: Error: syntax error before: 
2015-01-14 21:47:56 =CRASH REPORT====
  crasher:
    initial call: little_web:init/1
    pid: <0.117.0>
    registered_name: []
    exception exit: {{function_clause,[{mysql_config,get,["mysql","database"],[{file,"src/conf/mysql_config.erl"},{line,7}]},{mysql,start,0,[{file,"src/model/mysql.erl"},{line,12}]},{little_web,init,1,[{file,"src/little_web.erl"},{line,64}]},{gen_server,init_it,6,[{file,"gen_server.erl"},{line,306}]},{proc_lib,init_p_do_apply,3,[{file,"proc_lib.erl"},{line,239}]}]},[{gen_server,init_it,6,[{file,"gen_server.erl"},{line,330}]},{proc_lib,init_p_do_apply,3,[{file,"proc_lib.erl"},{line,239}]}]}
    ancestors: [littleapp_sup,<0.115.0>]
    messages: []
    links: [<0.116.0>]
    dictionary: []
    trap_exit: false
    status: running
    heap_size: 987
    stack_size: 27
    reductions: 628
  neighbours:
2015-01-14 21:47:56 =SUPERVISOR REPORT====
     Supervisor: {local,littleapp_sup}
     Context:    start_error
     Reason:     {function_clause,[{mysql_config,get,["mysql","database"],[{file,"src/conf/mysql_config.erl"},{line,7}]},{mysql,start,0,[{file,"src/model/mysql.erl"},{line,12}]},{little_web,init,1,[{file,"src/little_web.erl"},{line,64}]},{gen_server,init_it,6,[{file,"gen_server.erl"},{line,306}]},{proc_lib,init_p_do_apply,3,[{file,"proc_lib.erl"},{line,239}]}]}
     Offender:   [{pid,undefined},{name,little_web},{mfargs,{little_web,start_link,[]}},{restart_type,permanent},{shutdown,5000},{child_type,worker}]

2015-01-14 21:47:56 =CRASH REPORT====
  crasher:
    initial call: application_master:init/4
    pid: <0.114.0>
    registered_name: []
    exception exit: {{{shutdown,{failed_to_start_child,little_web,{function_clause,[{mysql_config,get,["mysql","database"],[{file,"src/conf/mysql_config.erl"},{line,7}]},{mysql,start,0,[{file,"src/model/mysql.erl"},{line,12}]},{little_web,init,1,[{file,"src/little_web.erl"},{line,64}]},{gen_server,init_it,6,[{file,"gen_server.erl"},{line,306}]},{proc_lib,init_p_do_apply,3,[{file,"proc_lib.erl"},{line,239}]}]}}},{little_app,start,[normal,[]]}},[{application_master,init,4,[{file,"application_master.erl"},{line,133}]},{proc_lib,init_p_do_apply,3,[{file,"proc_lib.erl"},{line,239}]}]}
    ancestors: [<0.113.0>]
    messages: [{'EXIT',<0.115.0>,normal}]
    links: [<0.113.0>,<0.7.0>]
    dictionary: []
    trap_exit: true
    status: running
    heap_size: 987
    stack_size: 27
    reductions: 178
  neighbours:
2015-01-14 21:48:56 =CRASH REPORT====
  crasher:
    initial call: little_web:init/1
    pid: <0.117.0>
    registered_name: []
    exception exit: {{failed_to_connect_to_database,econnrefused},[{gen_server,init_it,6,[{file,"gen_server.erl"},{line,330}]},{proc_lib,init_p_do_apply,3,[{file,"proc_lib.erl"},{line,239}]}]}
    ancestors: [littleapp_sup,<0.115.0>]
    messages: []
    links: [<0.116.0>]
    dictionary: []
    trap_exit: false
    status: running
    heap_size: 987
    stack_size: 27
    reductions: 1690
  neighbours:
2015-01-14 21:48:56 =SUPERVISOR REPORT====
     Supervisor: {local,littleapp_sup}
     Context:    start_error
     Reason:     {failed_to_connect_to_database,econnrefused}
     Offender:   [{pid,undefined},{name,little_web},{mfargs,{little_web,start_link,[]}},{restart_type,permanent},{shutdown,5000},{child_type,worker}]

2015-01-14 21:48:56 =CRASH REPORT====
  crasher:
    initial call: application_master:init/4
    pid: <0.114.0>
    registered_name: []
    exception exit: {{{shutdown,{failed_to_start_child,little_web,{failed_to_connect_to_database,econnrefused}}},{little_app,start,[normal,[]]}},[{application_master,init,4,[{file,"application_master.erl"},{line,133}]},{proc_lib,init_p_do_apply,3,[{file,"proc_lib.erl"},{line,239}]}]}
    ancestors: [<0.113.0>]
    messages: [{'EXIT',<0.115.0>,normal}]
    links: [<0.113.0>,<0.7.0>]
    dictionary: []
    trap_exit: true
    status: running
    heap_size: 376
    stack_size: 27
    reductions: 116
  neighbours:
2015-01-14 21:57:39 =CRASH REPORT====
  crasher:
    initial call: little_web:init/1
    pid: <0.117.0>
    registered_name: []
    exception exit: {{{badmatch,{"ZTx!4%[zv`]2",<<109,121,115,113,108,95,110,97,116,105,118,101,95,112,97,115,115,119,111,114,100,0>>}},[{emysql_auth,recv_greeting,1,[{file,"emysql_auth.erl"},{line,55}]},{emysql_auth,do_handshake,3,[{file,"emysql_auth.erl"},{line,32}]},{emysql_conn,open_connection,1,[{file,"emysql_conn.erl"},{line,105}]},{emysql_conn,open_connections,1,[{file,"emysql_conn.erl"},{line,95}]},{emysql,add_pool,8,[{file,"emysql.erl"},{line,70}]},{little_web,init,1,[{file,"src/little_web.erl"},{line,64}]},{gen_server,init_it,6,[{file,"gen_server.erl"},{line,306}]},{proc_lib,init_p_do_apply,3,[{file,"proc_lib.erl"},{line,239}]}]},[{gen_server,init_it,6,[{file,"gen_server.erl"},{line,330}]},{proc_lib,init_p_do_apply,3,[{file,"proc_lib.erl"},{line,239}]}]}
    ancestors: [littleapp_sup,<0.115.0>]
    messages: []
    links: [<0.116.0>]
    dictionary: []
    trap_exit: false
    status: running
    heap_size: 987
    stack_size: 27
    reductions: 1948
  neighbours:
2015-01-14 21:57:39 =SUPERVISOR REPORT====
     Supervisor: {local,littleapp_sup}
     Context:    start_error
     Reason:     {{badmatch,{"ZTx!4%[zv`]2",<<109,121,115,113,108,95,110,97,116,105,118,101,95,112,97,115,115,119,111,114,100,0>>}},[{emysql_auth,recv_greeting,1,[{file,"emysql_auth.erl"},{line,55}]},{emysql_auth,do_handshake,3,[{file,"emysql_auth.erl"},{line,32}]},{emysql_conn,open_connection,1,[{file,"emysql_conn.erl"},{line,105}]},{emysql_conn,open_connections,1,[{file,"emysql_conn.erl"},{line,95}]},{emysql,add_pool,8,[{file,"emysql.erl"},{line,70}]},{little_web,init,1,[{file,"src/little_web.erl"},{line,64}]},{gen_server,init_it,6,[{file,"gen_server.erl"},{line,306}]},{proc_lib,init_p_do_apply,3,[{file,"proc_lib.erl"},{line,239}]}]}
     Offender:   [{pid,undefined},{name,little_web},{mfargs,{little_web,start_link,[]}},{restart_type,permanent},{shutdown,5000},{child_type,worker}]

2015-01-14 21:57:39 =CRASH REPORT====
  crasher:
    initial call: application_master:init/4
    pid: <0.114.0>
    registered_name: []
    exception exit: {{{shutdown,{failed_to_start_child,little_web,{{badmatch,{"ZTx!4%[zv`]2",<<109,121,115,113,108,95,110,97,116,105,118,101,95,112,97,115,115,119,111,114,100,0>>}},[{emysql_auth,recv_greeting,1,[{file,"emysql_auth.erl"},{line,55}]},{emysql_auth,do_handshake,3,[{file,"emysql_auth.erl"},{line,32}]},{emysql_conn,open_connection,1,[{file,"emysql_conn.erl"},{line,105}]},{emysql_conn,open_connections,1,[{file,"emysql_conn.erl"},{line,95}]},{emysql,add_pool,8,[{file,"emysql.erl"},{line,70}]},{little_web,init,1,[{file,"src/little_web.erl"},{line,64}]},{gen_server,init_it,6,[{file,"gen_server.erl"},{line,306}]},{proc_lib,init_p_do_apply,3,[{file,"proc_lib.erl"},{line,239}]}]}}},{little_app,start,[normal,[]]}},[{application_master,init,4,[{file,"application_master.erl"},{line,133}]},{proc_lib,init_p_do_apply,3,[{file,"proc_lib.erl"},{line,239}]}]}
    ancestors: [<0.113.0>]
    messages: [{'EXIT',<0.115.0>,normal}]
    links: [<0.113.0>,<0.7.0>]
    dictionary: []
    trap_exit: true
    status: running
    heap_size: 987
    stack_size: 27
    reductions: 145
  neighbours:
2015-01-14 21:59:36 =SUPERVISOR REPORT====
     Supervisor: {local,littleapp_sup}
     Context:    start_error
     Reason:     {{badmatch,{"CzaVh*6oOz;V",<<109,121,115,113,108,95,110,97,116,105,118,101,95,112,97,115,115,119,111,114,100,0>>}},[{emysql_auth,recv_greeting,1,[{file,"emysql_auth.erl"},{line,55}]},{emysql_auth,do_handshake,3,[{file,"emysql_auth.erl"},{line,32}]},{emysql_conn,open_connection,1,[{file,"emysql_conn.erl"},{line,105}]},{emysql_conn,open_connections,1,[{file,"emysql_conn.erl"},{line,95}]},{emysql,add_pool,8,[{file,"emysql.erl"},{line,70}]},{little_web,init,1,[{file,"src/little_web.erl"},{line,64}]},{gen_server,init_it,6,[{file,"gen_server.erl"},{line,306}]},{proc_lib,init_p_do_apply,3,[{file,"proc_lib.erl"},{line,239}]}]}
     Offender:   [{pid,undefined},{name,little_web},{mfargs,{little_web,start_link,[]}},{restart_type,permanent},{shutdown,5000},{child_type,worker}]

2015-01-14 21:59:36 =CRASH REPORT====
  crasher:
    initial call: little_web:init/1
    pid: <0.117.0>
    registered_name: []
    exception exit: {{{badmatch,{"CzaVh*6oOz;V",<<109,121,115,113,108,95,110,97,116,105,118,101,95,112,97,115,115,119,111,114,100,0>>}},[{emysql_auth,recv_greeting,1,[{file,"emysql_auth.erl"},{line,55}]},{emysql_auth,do_handshake,3,[{file,"emysql_auth.erl"},{line,32}]},{emysql_conn,open_connection,1,[{file,"emysql_conn.erl"},{line,105}]},{emysql_conn,open_connections,1,[{file,"emysql_conn.erl"},{line,95}]},{emysql,add_pool,8,[{file,"emysql.erl"},{line,70}]},{little_web,init,1,[{file,"src/little_web.erl"},{line,64}]},{gen_server,init_it,6,[{file,"gen_server.erl"},{line,306}]},{proc_lib,init_p_do_apply,3,[{file,"proc_lib.erl"},{line,239}]}]},[{gen_server,init_it,6,[{file,"gen_server.erl"},{line,330}]},{proc_lib,init_p_do_apply,3,[{file,"proc_lib.erl"},{line,239}]}]}
    ancestors: [littleapp_sup,<0.115.0>]
    messages: []
    links: [<0.116.0>]
    dictionary: []
    trap_exit: false
    status: running
    heap_size: 987
    stack_size: 27
    reductions: 1949
  neighbours:
2015-01-14 21:59:36 =CRASH REPORT====
  crasher:
    initial call: application_master:init/4
    pid: <0.114.0>
    registered_name: []
    exception exit: {{{shutdown,{failed_to_start_child,little_web,{{badmatch,{"CzaVh*6oOz;V",<<109,121,115,113,108,95,110,97,116,105,118,101,95,112,97,115,115,119,111,114,100,0>>}},[{emysql_auth,recv_greeting,1,[{file,"emysql_auth.erl"},{line,55}]},{emysql_auth,do_handshake,3,[{file,"emysql_auth.erl"},{line,32}]},{emysql_conn,open_connection,1,[{file,"emysql_conn.erl"},{line,105}]},{emysql_conn,open_connections,1,[{file,"emysql_conn.erl"},{line,95}]},{emysql,add_pool,8,[{file,"emysql.erl"},{line,70}]},{little_web,init,1,[{file,"src/little_web.erl"},{line,64}]},{gen_server,init_it,6,[{file,"gen_server.erl"},{line,306}]},{proc_lib,init_p_do_apply,3,[{file,"proc_lib.erl"},{line,239}]}]}}},{little_app,start,[normal,[]]}},[{application_master,init,4,[{file,"application_master.erl"},{line,133}]},{proc_lib,init_p_do_apply,3,[{file,"proc_lib.erl"},{line,239}]}]}
    ancestors: [<0.113.0>]
    messages: [{'EXIT',<0.115.0>,normal}]
    links: [<0.113.0>,<0.7.0>]
    dictionary: []
    trap_exit: true
    status: running
    heap_size: 987
    stack_size: 27
    reductions: 145
  neighbours:
2015-01-14 22:13:26 =SUPERVISOR REPORT====
     Supervisor: {local,littleapp_sup}
     Context:    start_error
     Reason:     {{badmatch,{"`|q@+THL$m{B",<<109,121,115,113,108,95,110,97,116,105,118,101,95,112,97,115,115,119,111,114,100,0>>}},[{emysql_auth,recv_greeting,1,[{file,"emysql_auth.erl"},{line,55}]},{emysql_auth,do_handshake,3,[{file,"emysql_auth.erl"},{line,32}]},{emysql_conn,open_connection,1,[{file,"emysql_conn.erl"},{line,105}]},{emysql_conn,open_connections,1,[{file,"emysql_conn.erl"},{line,95}]},{emysql,add_pool,8,[{file,"emysql.erl"},{line,70}]},{little_web,init,1,[{file,"src/little_web.erl"},{line,64}]},{gen_server,init_it,6,[{file,"gen_server.erl"},{line,306}]},{proc_lib,init_p_do_apply,3,[{file,"proc_lib.erl"},{line,239}]}]}
     Offender:   [{pid,undefined},{name,little_web},{mfargs,{little_web,start_link,[]}},{restart_type,permanent},{shutdown,5000},{child_type,worker}]

2015-01-14 22:13:26 =CRASH REPORT====
  crasher:
    initial call: little_web:init/1
    pid: <0.117.0>
    registered_name: []
    exception exit: {{{badmatch,{"`|q@+THL$m{B",<<109,121,115,113,108,95,110,97,116,105,118,101,95,112,97,115,115,119,111,114,100,0>>}},[{emysql_auth,recv_greeting,1,[{file,"emysql_auth.erl"},{line,55}]},{emysql_auth,do_handshake,3,[{file,"emysql_auth.erl"},{line,32}]},{emysql_conn,open_connection,1,[{file,"emysql_conn.erl"},{line,105}]},{emysql_conn,open_connections,1,[{file,"emysql_conn.erl"},{line,95}]},{emysql,add_pool,8,[{file,"emysql.erl"},{line,70}]},{little_web,init,1,[{file,"src/little_web.erl"},{line,64}]},{gen_server,init_it,6,[{file,"gen_server.erl"},{line,306}]},{proc_lib,init_p_do_apply,3,[{file,"proc_lib.erl"},{line,239}]}]},[{gen_server,init_it,6,[{file,"gen_server.erl"},{line,330}]},{proc_lib,init_p_do_apply,3,[{file,"proc_lib.erl"},{line,239}]}]}
    ancestors: [littleapp_sup,<0.115.0>]
    messages: []
    links: [<0.116.0>]
    dictionary: []
    trap_exit: false
    status: running
    heap_size: 987
    stack_size: 27
    reductions: 1948
  neighbours:
2015-01-14 22:13:26 =CRASH REPORT====
  crasher:
    initial call: application_master:init/4
    pid: <0.114.0>
    registered_name: []
    exception exit: {{{shutdown,{failed_to_start_child,little_web,{{badmatch,{"`|q@+THL$m{B",<<109,121,115,113,108,95,110,97,116,105,118,101,95,112,97,115,115,119,111,114,100,0>>}},[{emysql_auth,recv_greeting,1,[{file,"emysql_auth.erl"},{line,55}]},{emysql_auth,do_handshake,3,[{file,"emysql_auth.erl"},{line,32}]},{emysql_conn,open_connection,1,[{file,"emysql_conn.erl"},{line,105}]},{emysql_conn,open_connections,1,[{file,"emysql_conn.erl"},{line,95}]},{emysql,add_pool,8,[{file,"emysql.erl"},{line,70}]},{little_web,init,1,[{file,"src/little_web.erl"},{line,64}]},{gen_server,init_it,6,[{file,"gen_server.erl"},{line,306}]},{proc_lib,init_p_do_apply,3,[{file,"proc_lib.erl"},{line,239}]}]}}},{little_app,start,[normal,[]]}},[{application_master,init,4,[{file,"application_master.erl"},{line,133}]},{proc_lib,init_p_do_apply,3,[{file,"proc_lib.erl"},{line,239}]}]}
    ancestors: [<0.113.0>]
    messages: [{'EXIT',<0.115.0>,normal}]
    links: [<0.113.0>,<0.7.0>]
    dictionary: []
    trap_exit: true
    status: running
    heap_size: 987
    stack_size: 27
    reductions: 145
  neighbours:
2015-01-14 22:17:02 =CRASH REPORT====
  crasher:
    initial call: little_web:init/1
    pid: <0.117.0>
    registered_name: []
    exception exit: {{{badmatch,{"j}Wy}*R>#/d.",<<109,121,115,113,108,95,110,97,116,105,118,101,95,112,97,115,115,119,111,114,100,0>>}},[{emysql_auth,recv_greeting,1,[{file,"emysql_auth.erl"},{line,55}]},{emysql_auth,do_handshake,3,[{file,"emysql_auth.erl"},{line,32}]},{emysql_conn,open_connection,1,[{file,"emysql_conn.erl"},{line,105}]},{emysql_conn,open_connections,1,[{file,"emysql_conn.erl"},{line,95}]},{emysql,add_pool,8,[{file,"emysql.erl"},{line,70}]},{little_web,init,1,[{file,"src/little_web.erl"},{line,64}]},{gen_server,init_it,6,[{file,"gen_server.erl"},{line,306}]},{proc_lib,init_p_do_apply,3,[{file,"proc_lib.erl"},{line,239}]}]},[{gen_server,init_it,6,[{file,"gen_server.erl"},{line,330}]},{proc_lib,init_p_do_apply,3,[{file,"proc_lib.erl"},{line,239}]}]}
    ancestors: [littleapp_sup,<0.115.0>]
    messages: []
    links: [<0.116.0>]
    dictionary: []
    trap_exit: false
    status: running
    heap_size: 987
    stack_size: 27
    reductions: 1946
  neighbours:
2015-01-14 22:17:02 =SUPERVISOR REPORT====
     Supervisor: {local,littleapp_sup}
     Context:    start_error
     Reason:     {{badmatch,{"j}Wy}*R>#/d.",<<109,121,115,113,108,95,110,97,116,105,118,101,95,112,97,115,115,119,111,114,100,0>>}},[{emysql_auth,recv_greeting,1,[{file,"emysql_auth.erl"},{line,55}]},{emysql_auth,do_handshake,3,[{file,"emysql_auth.erl"},{line,32}]},{emysql_conn,open_connection,1,[{file,"emysql_conn.erl"},{line,105}]},{emysql_conn,open_connections,1,[{file,"emysql_conn.erl"},{line,95}]},{emysql,add_pool,8,[{file,"emysql.erl"},{line,70}]},{little_web,init,1,[{file,"src/little_web.erl"},{line,64}]},{gen_server,init_it,6,[{file,"gen_server.erl"},{line,306}]},{proc_lib,init_p_do_apply,3,[{file,"proc_lib.erl"},{line,239}]}]}
     Offender:   [{pid,undefined},{name,little_web},{mfargs,{little_web,start_link,[]}},{restart_type,permanent},{shutdown,5000},{child_type,worker}]

2015-01-14 22:17:02 =CRASH REPORT====
  crasher:
    initial call: application_master:init/4
    pid: <0.114.0>
    registered_name: []
    exception exit: {{{shutdown,{failed_to_start_child,little_web,{{badmatch,{"j}Wy}*R>#/d.",<<109,121,115,113,108,95,110,97,116,105,118,101,95,112,97,115,115,119,111,114,100,0>>}},[{emysql_auth,recv_greeting,1,[{file,"emysql_auth.erl"},{line,55}]},{emysql_auth,do_handshake,3,[{file,"emysql_auth.erl"},{line,32}]},{emysql_conn,open_connection,1,[{file,"emysql_conn.erl"},{line,105}]},{emysql_conn,open_connections,1,[{file,"emysql_conn.erl"},{line,95}]},{emysql,add_pool,8,[{file,"emysql.erl"},{line,70}]},{little_web,init,1,[{file,"src/little_web.erl"},{line,64}]},{gen_server,init_it,6,[{file,"gen_server.erl"},{line,306}]},{proc_lib,init_p_do_apply,3,[{file,"proc_lib.erl"},{line,239}]}]}}},{little_app,start,[normal,[]]}},[{application_master,init,4,[{file,"application_master.erl"},{line,133}]},{proc_lib,init_p_do_apply,3,[{file,"proc_lib.erl"},{line,239}]}]}
    ancestors: [<0.113.0>]
    messages: [{'EXIT',<0.115.0>,normal}]
    links: [<0.113.0>,<0.7.0>]
    dictionary: []
    trap_exit: true
    status: running
    heap_size: 987
    stack_size: 27
    reductions: 145
  neighbours:
2015-01-14 22:33:02 =CRASH REPORT====
  crasher:
    initial call: little_web:init/1
    pid: <0.117.0>
    registered_name: []
    exception exit: {{{badmatch,{"La&5x~3|;Qd$",<<109,121,115,113,108,95,110,97,116,105,118,101,95,112,97,115,115,119,111,114,100,0>>}},[{emysql_auth,recv_greeting,1,[{file,"emysql_auth.erl"},{line,55}]},{emysql_auth,do_handshake,3,[{file,"emysql_auth.erl"},{line,32}]},{emysql_conn,open_connection,1,[{file,"emysql_conn.erl"},{line,105}]},{emysql_conn,open_connections,1,[{file,"emysql_conn.erl"},{line,95}]},{emysql,add_pool,8,[{file,"emysql.erl"},{line,70}]},{little_web,init,1,[{file,"src/little_web.erl"},{line,64}]},{gen_server,init_it,6,[{file,"gen_server.erl"},{line,306}]},{proc_lib,init_p_do_apply,3,[{file,"proc_lib.erl"},{line,239}]}]},[{gen_server,init_it,6,[{file,"gen_server.erl"},{line,330}]},{proc_lib,init_p_do_apply,3,[{file,"proc_lib.erl"},{line,239}]}]}
    ancestors: [littleapp_sup,<0.115.0>]
    messages: []
    links: [<0.116.0>]
    dictionary: []
    trap_exit: false
    status: running
    heap_size: 987
    stack_size: 27
    reductions: 1948
  neighbours:
2015-01-14 22:33:02 =SUPERVISOR REPORT====
     Supervisor: {local,littleapp_sup}
     Context:    start_error
     Reason:     {{badmatch,{"La&5x~3|;Qd$",<<109,121,115,113,108,95,110,97,116,105,118,101,95,112,97,115,115,119,111,114,100,0>>}},[{emysql_auth,recv_greeting,1,[{file,"emysql_auth.erl"},{line,55}]},{emysql_auth,do_handshake,3,[{file,"emysql_auth.erl"},{line,32}]},{emysql_conn,open_connection,1,[{file,"emysql_conn.erl"},{line,105}]},{emysql_conn,open_connections,1,[{file,"emysql_conn.erl"},{line,95}]},{emysql,add_pool,8,[{file,"emysql.erl"},{line,70}]},{little_web,init,1,[{file,"src/little_web.erl"},{line,64}]},{gen_server,init_it,6,[{file,"gen_server.erl"},{line,306}]},{proc_lib,init_p_do_apply,3,[{file,"proc_lib.erl"},{line,239}]}]}
     Offender:   [{pid,undefined},{name,little_web},{mfargs,{little_web,start_link,[]}},{restart_type,permanent},{shutdown,5000},{child_type,worker}]

2015-01-14 22:33:02 =CRASH REPORT====
  crasher:
    initial call: application_master:init/4
    pid: <0.114.0>
    registered_name: []
    exception exit: {{{shutdown,{failed_to_start_child,little_web,{{badmatch,{"La&5x~3|;Qd$",<<109,121,115,113,108,95,110,97,116,105,118,101,95,112,97,115,115,119,111,114,100,0>>}},[{emysql_auth,recv_greeting,1,[{file,"emysql_auth.erl"},{line,55}]},{emysql_auth,do_handshake,3,[{file,"emysql_auth.erl"},{line,32}]},{emysql_conn,open_connection,1,[{file,"emysql_conn.erl"},{line,105}]},{emysql_conn,open_connections,1,[{file,"emysql_conn.erl"},{line,95}]},{emysql,add_pool,8,[{file,"emysql.erl"},{line,70}]},{little_web,init,1,[{file,"src/little_web.erl"},{line,64}]},{gen_server,init_it,6,[{file,"gen_server.erl"},{line,306}]},{proc_lib,init_p_do_apply,3,[{file,"proc_lib.erl"},{line,239}]}]}}},{little_app,start,[normal,[]]}},[{application_master,init,4,[{file,"application_master.erl"},{line,133}]},{proc_lib,init_p_do_apply,3,[{file,"proc_lib.erl"},{line,239}]}]}
    ancestors: [<0.113.0>]
    messages: [{'EXIT',<0.115.0>,normal}]
    links: [<0.113.0>,<0.7.0>]
    dictionary: []
    trap_exit: true
    status: running
    heap_size: 987
    stack_size: 27
    reductions: 145
  neighbours:
2015-01-14 23:27:51 =CRASH REPORT====
  crasher:
    initial call: little_web:init/1
    pid: <0.117.0>
    registered_name: []
    exception exit: {{{badmatch,{"(\"o,))2`l|MK",<<109,121,115,113,108,95,110,97,116,105,118,101,95,112,97,115,115,119,111,114,100,0>>}},[{emysql_auth,recv_greeting,1,[{file,"src/emysql_auth.erl"},{line,56}]},{emysql_auth,do_handshake,3,[{file,"src/emysql_auth.erl"},{line,32}]},{emysql_conn,open_connection,1,[{file,"emysql_conn.erl"},{line,105}]},{emysql_conn,open_connections,1,[{file,"emysql_conn.erl"},{line,95}]},{emysql,add_pool,8,[{file,"emysql.erl"},{line,70}]},{little_web,init,1,[{file,"src/little_web.erl"},{line,64}]},{gen_server,init_it,6,[{file,"gen_server.erl"},{line,306}]},{proc_lib,init_p_do_apply,3,[{file,"proc_lib.erl"},{line,239}]}]},[{gen_server,init_it,6,[{file,"gen_server.erl"},{line,330}]},{proc_lib,init_p_do_apply,3,[{file,"proc_lib.erl"},{line,239}]}]}
    ancestors: [littleapp_sup,<0.115.0>]
    messages: []
    links: [<0.116.0>]
    dictionary: []
    trap_exit: false
    status: running
    heap_size: 1598
    stack_size: 27
    reductions: 2761
  neighbours:
2015-01-14 23:27:51 =SUPERVISOR REPORT====
     Supervisor: {local,littleapp_sup}
     Context:    start_error
     Reason:     {{badmatch,{"(\"o,))2`l|MK",<<109,121,115,113,108,95,110,97,116,105,118,101,95,112,97,115,115,119,111,114,100,0>>}},[{emysql_auth,recv_greeting,1,[{file,"src/emysql_auth.erl"},{line,56}]},{emysql_auth,do_handshake,3,[{file,"src/emysql_auth.erl"},{line,32}]},{emysql_conn,open_connection,1,[{file,"emysql_conn.erl"},{line,105}]},{emysql_conn,open_connections,1,[{file,"emysql_conn.erl"},{line,95}]},{emysql,add_pool,8,[{file,"emysql.erl"},{line,70}]},{little_web,init,1,[{file,"src/little_web.erl"},{line,64}]},{gen_server,init_it,6,[{file,"gen_server.erl"},{line,306}]},{proc_lib,init_p_do_apply,3,[{file,"proc_lib.erl"},{line,239}]}]}
     Offender:   [{pid,undefined},{name,little_web},{mfargs,{little_web,start_link,[]}},{restart_type,permanent},{shutdown,5000},{child_type,worker}]

2015-01-14 23:27:51 =CRASH REPORT====
  crasher:
    initial call: application_master:init/4
    pid: <0.114.0>
    registered_name: []
    exception exit: {{{shutdown,{failed_to_start_child,little_web,{{badmatch,{"(\"o,))2`l|MK",<<109,121,115,113,108,95,110,97,116,105,118,101,95,112,97,115,115,119,111,114,100,0>>}},[{emysql_auth,recv_greeting,1,[{file,"src/emysql_auth.erl"},{line,56}]},{emysql_auth,do_handshake,3,[{file,"src/emysql_auth.erl"},{line,32}]},{emysql_conn,open_connection,1,[{file,"emysql_conn.erl"},{line,105}]},{emysql_conn,open_connections,1,[{file,"emysql_conn.erl"},{line,95}]},{emysql,add_pool,8,[{file,"emysql.erl"},{line,70}]},{little_web,init,1,[{file,"src/little_web.erl"},{line,64}]},{gen_server,init_it,6,[{file,"gen_server.erl"},{line,306}]},{proc_lib,init_p_do_apply,3,[{file,"proc_lib.erl"},{line,239}]}]}}},{little_app,start,[normal,[]]}},[{application_master,init,4,[{file,"application_master.erl"},{line,133}]},{proc_lib,init_p_do_apply,3,[{file,"proc_lib.erl"},{line,239}]}]}
    ancestors: [<0.113.0>]
    messages: [{'EXIT',<0.115.0>,normal}]
    links: [<0.113.0>,<0.7.0>]
    dictionary: []
    trap_exit: true
    status: running
    heap_size: 987
    stack_size: 27
    reductions: 147
  neighbours:
2015-01-14 23:29:54 =SUPERVISOR REPORT====
     Supervisor: {local,littleapp_sup}
     Context:    start_error
     Reason:     {{badmatch,{"+t,x=bVj2V=l",<<109,121,115,113,108,95,110,97,116,105,118,101,95,112,97,115,115,119,111,114,100,0>>}},[{emysql_auth,recv_greeting,1,[{file,"src/emysql_auth.erl"},{line,56}]},{emysql_auth,do_handshake,3,[{file,"src/emysql_auth.erl"},{line,32}]},{emysql_conn,open_connection,1,[{file,"emysql_conn.erl"},{line,105}]},{emysql_conn,open_connections,1,[{file,"emysql_conn.erl"},{line,95}]},{emysql,add_pool,8,[{file,"emysql.erl"},{line,70}]},{little_web,init,1,[{file,"src/little_web.erl"},{line,64}]},{gen_server,init_it,6,[{file,"gen_server.erl"},{line,306}]},{proc_lib,init_p_do_apply,3,[{file,"proc_lib.erl"},{line,239}]}]}
     Offender:   [{pid,undefined},{name,little_web},{mfargs,{little_web,start_link,[]}},{restart_type,permanent},{shutdown,5000},{child_type,worker}]

2015-01-14 23:29:54 =CRASH REPORT====
  crasher:
    initial call: little_web:init/1
    pid: <0.117.0>
    registered_name: []
    exception exit: {{{badmatch,{"+t,x=bVj2V=l",<<109,121,115,113,108,95,110,97,116,105,118,101,95,112,97,115,115,119,111,114,100,0>>}},[{emysql_auth,recv_greeting,1,[{file,"src/emysql_auth.erl"},{line,56}]},{emysql_auth,do_handshake,3,[{file,"src/emysql_auth.erl"},{line,32}]},{emysql_conn,open_connection,1,[{file,"emysql_conn.erl"},{line,105}]},{emysql_conn,open_connections,1,[{file,"emysql_conn.erl"},{line,95}]},{emysql,add_pool,8,[{file,"emysql.erl"},{line,70}]},{little_web,init,1,[{file,"src/little_web.erl"},{line,64}]},{gen_server,init_it,6,[{file,"gen_server.erl"},{line,306}]},{proc_lib,init_p_do_apply,3,[{file,"proc_lib.erl"},{line,239}]}]},[{gen_server,init_it,6,[{file,"gen_server.erl"},{line,330}]},{proc_lib,init_p_do_apply,3,[{file,"proc_lib.erl"},{line,239}]}]}
    ancestors: [littleapp_sup,<0.115.0>]
    messages: []
    links: [<0.116.0>]
    dictionary: []
    trap_exit: false
    status: running
    heap_size: 1598
    stack_size: 27
    reductions: 2730
  neighbours:
2015-01-14 23:29:54 =CRASH REPORT====
  crasher:
    initial call: application_master:init/4
    pid: <0.114.0>
    registered_name: []
    exception exit: {{{shutdown,{failed_to_start_child,little_web,{{badmatch,{"+t,x=bVj2V=l",<<109,121,115,113,108,95,110,97,116,105,118,101,95,112,97,115,115,119,111,114,100,0>>}},[{emysql_auth,recv_greeting,1,[{file,"src/emysql_auth.erl"},{line,56}]},{emysql_auth,do_handshake,3,[{file,"src/emysql_auth.erl"},{line,32}]},{emysql_conn,open_connection,1,[{file,"emysql_conn.erl"},{line,105}]},{emysql_conn,open_connections,1,[{file,"emysql_conn.erl"},{line,95}]},{emysql,add_pool,8,[{file,"emysql.erl"},{line,70}]},{little_web,init,1,[{file,"src/little_web.erl"},{line,64}]},{gen_server,init_it,6,[{file,"gen_server.erl"},{line,306}]},{proc_lib,init_p_do_apply,3,[{file,"proc_lib.erl"},{line,239}]}]}}},{little_app,start,[normal,[]]}},[{application_master,init,4,[{file,"application_master.erl"},{line,133}]},{proc_lib,init_p_do_apply,3,[{file,"proc_lib.erl"},{line,239}]}]}
    ancestors: [<0.113.0>]
    messages: [{'EXIT',<0.115.0>,normal}]
    links: [<0.113.0>,<0.7.0>]
    dictionary: []
    trap_exit: true
    status: running
    heap_size: 987
    stack_size: 27
    reductions: 147
  neighbours:
2015-01-14 23:30:33 =CRASH REPORT====
  crasher:
    initial call: little_web:init/1
    pid: <0.117.0>
    registered_name: []
    exception exit: {{failed_to_set_database,"#42000Access denied for user 'little'@'localhost' to database 'little_db'"},[{gen_server,init_it,6,[{file,"gen_server.erl"},{line,330}]},{proc_lib,init_p_do_apply,3,[{file,"proc_lib.erl"},{line,239}]}]}
    ancestors: [littleapp_sup,<0.115.0>]
    messages: []
    links: [<0.116.0>]
    dictionary: []
    trap_exit: false
    status: running
    heap_size: 1598
    stack_size: 27
    reductions: 3181
  neighbours:
2015-01-14 23:30:33 =SUPERVISOR REPORT====
     Supervisor: {local,littleapp_sup}
     Context:    start_error
     Reason:     {failed_to_set_database,"#42000Access denied for user 'little'@'localhost' to database 'little_db'"}
     Offender:   [{pid,undefined},{name,little_web},{mfargs,{little_web,start_link,[]}},{restart_type,permanent},{shutdown,5000},{child_type,worker}]

2015-01-14 23:30:33 =CRASH REPORT====
  crasher:
    initial call: application_master:init/4
    pid: <0.114.0>
    registered_name: []
    exception exit: {{{shutdown,{failed_to_start_child,little_web,{failed_to_set_database,"#42000Access denied for user 'little'@'localhost' to database 'little_db'"}}},{little_app,start,[normal,[]]}},[{application_master,init,4,[{file,"application_master.erl"},{line,133}]},{proc_lib,init_p_do_apply,3,[{file,"proc_lib.erl"},{line,239}]}]}
    ancestors: [<0.113.0>]
    messages: [{'EXIT',<0.115.0>,normal}]
    links: [<0.113.0>,<0.7.0>]
    dictionary: []
    trap_exit: true
    status: running
    heap_size: 610
    stack_size: 27
    reductions: 120
  neighbours:
2015-01-14 23:33:29 =ERROR REPORT====
/Users/yutao/Documents/erlang/server_base/deps/emysql/src/emysql_auth.erl:99: Warning: crypto:sha/1 is deprecated and will be removed in in a future release; use crypto:hash/2
/Users/yutao/Documents/erlang/server_base/deps/emysql/src/emysql_auth.erl:100: Warning: crypto:sha/1 is deprecated and will be removed in in a future release; use crypto:hash/2
/Users/yutao/Documents/erlang/server_base/deps/emysql/src/emysql_auth.erl:101: Warning: crypto:sha_final/1 is deprecated and will be removed in in a future release; use crypto:hash_final/1
/Users/yutao/Documents/erlang/server_base/deps/emysql/src/emysql_auth.erl:102: Warning: crypto:sha_update/2 is deprecated and will be removed in in a future release; use crypto:hash_update/2
/Users/yutao/Documents/erlang/server_base/deps/emysql/src/emysql_auth.erl:103: Warning: crypto:sha_init/0 is deprecated and will be removed in in a future release; use crypto:hash_init/1
/Users/yutao/Documents/erlang/server_base/deps/emysql/src/emysql_auth.erl:103: Warning: crypto:sha_update/2 is deprecated and will be removed in in a future release; use crypto:hash_update/2
/Users/yutao/Documents/erlang/server_base/deps/emysql/src/emysql_auth.erl:0: Recompiled with 1 warnings
2015-01-14 23:33:30 =ERROR REPORT====
/Users/yutao/Documents/erlang/server_base/deps/emysql/src/emysql_auth.erl:99: Warning: crypto:sha/1 is deprecated and will be removed in in a future release; use crypto:hash/2
/Users/yutao/Documents/erlang/server_base/deps/emysql/src/emysql_auth.erl:100: Warning: crypto:sha/1 is deprecated and will be removed in in a future release; use crypto:hash/2
/Users/yutao/Documents/erlang/server_base/deps/emysql/src/emysql_auth.erl:101: Warning: crypto:sha_final/1 is deprecated and will be removed in in a future release; use crypto:hash_final/1
/Users/yutao/Documents/erlang/server_base/deps/emysql/src/emysql_auth.erl:102: Warning: crypto:sha_update/2 is deprecated and will be removed in in a future release; use crypto:hash_update/2
/Users/yutao/Documents/erlang/server_base/deps/emysql/src/emysql_auth.erl:103: Warning: crypto:sha_init/0 is deprecated and will be removed in in a future release; use crypto:hash_init/1
/Users/yutao/Documents/erlang/server_base/deps/emysql/src/emysql_auth.erl:103: Warning: crypto:sha_update/2 is deprecated and will be removed in in a future release; use crypto:hash_update/2
/Users/yutao/Documents/erlang/server_base/deps/emysql/src/emysql_auth.erl:0: Recompiled with 1 warnings
2015-01-14 23:33:32 =ERROR REPORT====
/Users/yutao/Documents/erlang/server_base/deps/emysql/src/emysql_auth.erl:99: Warning: crypto:sha/1 is deprecated and will be removed in in a future release; use crypto:hash/2
/Users/yutao/Documents/erlang/server_base/deps/emysql/src/emysql_auth.erl:100: Warning: crypto:sha/1 is deprecated and will be removed in in a future release; use crypto:hash/2
/Users/yutao/Documents/erlang/server_base/deps/emysql/src/emysql_auth.erl:101: Warning: crypto:sha_final/1 is deprecated and will be removed in in a future release; use crypto:hash_final/1
/Users/yutao/Documents/erlang/server_base/deps/emysql/src/emysql_auth.erl:102: Warning: crypto:sha_update/2 is deprecated and will be removed in in a future release; use crypto:hash_update/2
/Users/yutao/Documents/erlang/server_base/deps/emysql/src/emysql_auth.erl:103: Warning: crypto:sha_init/0 is deprecated and will be removed in in a future release; use crypto:hash_init/1
/Users/yutao/Documents/erlang/server_base/deps/emysql/src/emysql_auth.erl:103: Warning: crypto:sha_update/2 is deprecated and will be removed in in a future release; use crypto:hash_update/2
/Users/yutao/Documents/erlang/server_base/deps/emysql/src/emysql_auth.erl:0: Recompiled with 1 warnings
2015-01-14 23:35:14 =ERROR REPORT====
/Users/yutao/Documents/erlang/server_base/deps/emysql/src/emysql_auth.erl:99: Warning: crypto:sha/1 is deprecated and will be removed in in a future release; use crypto:hash/2
/Users/yutao/Documents/erlang/server_base/deps/emysql/src/emysql_auth.erl:100: Warning: crypto:sha/1 is deprecated and will be removed in in a future release; use crypto:hash/2
/Users/yutao/Documents/erlang/server_base/deps/emysql/src/emysql_auth.erl:101: Warning: crypto:sha_final/1 is deprecated and will be removed in in a future release; use crypto:hash_final/1
/Users/yutao/Documents/erlang/server_base/deps/emysql/src/emysql_auth.erl:102: Warning: crypto:sha_update/2 is deprecated and will be removed in in a future release; use crypto:hash_update/2
/Users/yutao/Documents/erlang/server_base/deps/emysql/src/emysql_auth.erl:103: Warning: crypto:sha_init/0 is deprecated and will be removed in in a future release; use crypto:hash_init/1
/Users/yutao/Documents/erlang/server_base/deps/emysql/src/emysql_auth.erl:103: Warning: crypto:sha_update/2 is deprecated and will be removed in in a future release; use crypto:hash_update/2
/Users/yutao/Documents/erlang/server_base/deps/emysql/src/emysql_auth.erl:0: Recompiled with 1 warnings
2015-01-14 23:38:33 =SUPERVISOR REPORT====
     Supervisor: {local,littleapp_sup}
     Context:    start_error
     Reason:     {{badmatch,{"n0@4!J/Nx49_",<<109,121,115,113,108,95,110,97,116,105,118,101,95,112,97,115,115,119,111,114,100,0>>}},[{emysql_auth,recv_greeting,1,[{file,"/Users/yutao/Documents/erlang/server_base/deps/emysql/src/emysql_auth.erl"},{line,56}]},{emysql_auth,do_handshake,3,[{file,"/Users/yutao/Documents/erlang/server_base/deps/emysql/src/emysql_auth.erl"},{line,32}]},{emysql_conn,open_connection,1,[{file,"emysql_conn.erl"},{line,105}]},{emysql_conn,open_connections,1,[{file,"emysql_conn.erl"},{line,95}]},{emysql,add_pool,8,[{file,"emysql.erl"},{line,70}]},{little_web,init,1,[{file,"src/little_web.erl"},{line,64}]},{gen_server,init_it,6,[{file,"gen_server.erl"},{line,306}]},{proc_lib,init_p_do_apply,3,[{file,"proc_lib.erl"},{line,239}]}]}
     Offender:   [{pid,undefined},{name,little_web},{mfargs,{little_web,start_link,[]}},{restart_type,permanent},{shutdown,5000},{child_type,worker}]

2015-01-14 23:38:33 =CRASH REPORT====
  crasher:
    initial call: little_web:init/1
    pid: <0.117.0>
    registered_name: []
    exception exit: {{{badmatch,{"n0@4!J/Nx49_",<<109,121,115,113,108,95,110,97,116,105,118,101,95,112,97,115,115,119,111,114,100,0>>}},[{emysql_auth,recv_greeting,1,[{file,"/Users/yutao/Documents/erlang/server_base/deps/emysql/src/emysql_auth.erl"},{line,56}]},{emysql_auth,do_handshake,3,[{file,"/Users/yutao/Documents/erlang/server_base/deps/emysql/src/emysql_auth.erl"},{line,32}]},{emysql_conn,open_connection,1,[{file,"emysql_conn.erl"},{line,105}]},{emysql_conn,open_connections,1,[{file,"emysql_conn.erl"},{line,95}]},{emysql,add_pool,8,[{file,"emysql.erl"},{line,70}]},{little_web,init,1,[{file,"src/little_web.erl"},{line,64}]},{gen_server,init_it,6,[{file,"gen_server.erl"},{line,306}]},{proc_lib,init_p_do_apply,3,[{file,"proc_lib.erl"},{line,239}]}]},[{gen_server,init_it,6,[{file,"gen_server.erl"},{line,330}]},{proc_lib,init_p_do_apply,3,[{file,"proc_lib.erl"},{line,239}]}]}
    ancestors: [littleapp_sup,<0.115.0>]
    messages: []
    links: [<0.116.0>]
    dictionary: []
    trap_exit: false
    status: running
    heap_size: 1598
    stack_size: 27
    reductions: 2022
  neighbours:
2015-01-14 23:38:33 =CRASH REPORT====
  crasher:
    initial call: application_master:init/4
    pid: <0.114.0>
    registered_name: []
    exception exit: {{{shutdown,{failed_to_start_child,little_web,{{badmatch,{"n0@4!J/Nx49_",<<109,121,115,113,108,95,110,97,116,105,118,101,95,112,97,115,115,119,111,114,100,0>>}},[{emysql_auth,recv_greeting,1,[{file,"/Users/yutao/Documents/erlang/server_base/deps/emysql/src/emysql_auth.erl"},{line,56}]},{emysql_auth,do_handshake,3,[{file,"/Users/yutao/Documents/erlang/server_base/deps/emysql/src/emysql_auth.erl"},{line,32}]},{emysql_conn,open_connection,1,[{file,"emysql_conn.erl"},{line,105}]},{emysql_conn,open_connections,1,[{file,"emysql_conn.erl"},{line,95}]},{emysql,add_pool,8,[{file,"emysql.erl"},{line,70}]},{little_web,init,1,[{file,"src/little_web.erl"},{line,64}]},{gen_server,init_it,6,[{file,"gen_server.erl"},{line,306}]},{proc_lib,init_p_do_apply,3,[{file,"proc_lib.erl"},{line,239}]}]}}},{little_app,start,[normal,[]]}},[{application_master,init,4,[{file,"application_master.erl"},{line,133}]},{proc_lib,init_p_do_apply,3,[{file,"proc_lib.erl"},{line,239}]}]}
    ancestors: [<0.113.0>]
    messages: [{'EXIT',<0.115.0>,normal}]
    links: [<0.113.0>,<0.7.0>]
    dictionary: []
    trap_exit: true
    status: running
    heap_size: 1598
    stack_size: 27
    reductions: 248
  neighbours:
2015-01-18 09:39:21 =CRASH REPORT====
  crasher:
    initial call: reddy_conn:init/1
    pid: <0.132.0>
    registered_name: []
    exception exit: {{error,econnrefused},[{gen_server,init_it,6,[{file,"gen_server.erl"},{line,322}]},{proc_lib,init_p_do_apply,3,[{file,"proc_lib.erl"},{line,239}]}]}
    ancestors: [reddy_conn_sup,reddy_sup,<0.109.0>]
    messages: []
    links: [<0.111.0>]
    dictionary: []
    trap_exit: false
    status: running
    heap_size: 233
    stack_size: 27
    reductions: 520
  neighbours:
2015-01-18 09:39:21 =SUPERVISOR REPORT====
     Supervisor: {local,reddy_conn_sup}
     Context:    child_terminated
     Reason:     {error,econnrefused}
     Offender:   [{pid,<0.132.0>},{name,reddy_conn},{mfargs,{reddy_conn,start_link,undefined}},{restart_type,temporary},{shutdown,brutal_kill},{child_type,worker}]

2015-01-18 09:39:21 =CRASH REPORT====
  crasher:
    initial call: reddy_pool:init/1
    pid: <0.131.0>
    registered_name: []
    exception exit: {{error,{error,econnrefused}},[{gen_server,init_it,6,[{file,"gen_server.erl"},{line,322}]},{proc_lib,init_p_do_apply,3,[{file,"proc_lib.erl"},{line,239}]}]}
    ancestors: [reddy_pool_sup,reddy_sup,<0.109.0>]
    messages: []
    links: [<0.112.0>]
    dictionary: []
    trap_exit: false
    status: running
    heap_size: 376
    stack_size: 27
    reductions: 141
  neighbours:
2015-01-18 09:39:21 =SUPERVISOR REPORT====
     Supervisor: {local,reddy_pool_sup}
     Context:    child_terminated
     Reason:     {error,{error,econnrefused}}
     Offender:   [{pid,<0.131.0>},{name,reddy_pool},{mfargs,{reddy_pool,start_link,undefined}},{restart_type,temporary},{shutdown,brutal_kill},{child_type,worker}]

2015-01-18 09:44:23 =CRASH REPORT====
  crasher:
    initial call: reddy_conn:init/1
    pid: <0.132.0>
    registered_name: []
    exception exit: {{error,econnrefused},[{gen_server,init_it,6,[{file,"gen_server.erl"},{line,322}]},{proc_lib,init_p_do_apply,3,[{file,"proc_lib.erl"},{line,239}]}]}
    ancestors: [reddy_conn_sup,reddy_sup,<0.109.0>]
    messages: []
    links: [<0.111.0>]
    dictionary: []
    trap_exit: false
    status: running
    heap_size: 233
    stack_size: 27
    reductions: 532
  neighbours:
2015-01-18 09:44:23 =SUPERVISOR REPORT====
     Supervisor: {local,reddy_conn_sup}
     Context:    child_terminated
     Reason:     {error,econnrefused}
     Offender:   [{pid,<0.132.0>},{name,reddy_conn},{mfargs,{reddy_conn,start_link,undefined}},{restart_type,temporary},{shutdown,brutal_kill},{child_type,worker}]

2015-01-18 09:44:23 =CRASH REPORT====
  crasher:
    initial call: reddy_pool:init/1
    pid: <0.131.0>
    registered_name: []
    exception exit: {{error,{error,econnrefused}},[{gen_server,init_it,6,[{file,"gen_server.erl"},{line,322}]},{proc_lib,init_p_do_apply,3,[{file,"proc_lib.erl"},{line,239}]}]}
    ancestors: [reddy_pool_sup,reddy_sup,<0.109.0>]
    messages: []
    links: [<0.112.0>]
    dictionary: []
    trap_exit: false
    status: running
    heap_size: 376
    stack_size: 27
    reductions: 141
  neighbours:
2015-01-18 09:44:23 =SUPERVISOR REPORT====
     Supervisor: {local,reddy_pool_sup}
     Context:    child_terminated
     Reason:     {error,{error,econnrefused}}
     Offender:   [{pid,<0.131.0>},{name,reddy_pool},{mfargs,{reddy_pool,start_link,undefined}},{restart_type,temporary},{shutdown,brutal_kill},{child_type,worker}]

2015-01-18 09:47:00 =CRASH REPORT====
  crasher:
    initial call: reddy_conn:init/1
    pid: <0.132.0>
    registered_name: []
    exception exit: {{error,econnrefused},[{gen_server,init_it,6,[{file,"gen_server.erl"},{line,322}]},{proc_lib,init_p_do_apply,3,[{file,"proc_lib.erl"},{line,239}]}]}
    ancestors: [reddy_conn_sup,reddy_sup,<0.109.0>]
    messages: []
    links: [<0.111.0>]
    dictionary: []
    trap_exit: false
    status: running
    heap_size: 233
    stack_size: 27
    reductions: 532
  neighbours:
2015-01-18 09:47:00 =SUPERVISOR REPORT====
     Supervisor: {local,reddy_conn_sup}
     Context:    child_terminated
     Reason:     {error,econnrefused}
     Offender:   [{pid,<0.132.0>},{name,reddy_conn},{mfargs,{reddy_conn,start_link,undefined}},{restart_type,temporary},{shutdown,brutal_kill},{child_type,worker}]

2015-01-18 09:47:00 =CRASH REPORT====
  crasher:
    initial call: reddy_pool:init/1
    pid: <0.131.0>
    registered_name: []
    exception exit: {{error,{error,econnrefused}},[{gen_server,init_it,6,[{file,"gen_server.erl"},{line,322}]},{proc_lib,init_p_do_apply,3,[{file,"proc_lib.erl"},{line,239}]}]}
    ancestors: [reddy_pool_sup,reddy_sup,<0.109.0>]
    messages: []
    links: [<0.112.0>]
    dictionary: []
    trap_exit: false
    status: running
    heap_size: 376
    stack_size: 27
    reductions: 141
  neighbours:
2015-01-18 09:47:00 =SUPERVISOR REPORT====
     Supervisor: {local,reddy_pool_sup}
     Context:    child_terminated
     Reason:     {error,{error,econnrefused}}
     Offender:   [{pid,<0.131.0>},{name,reddy_pool},{mfargs,{reddy_pool,start_link,undefined}},{restart_type,temporary},{shutdown,brutal_kill},{child_type,worker}]

2015-01-18 09:48:25 =CRASH REPORT====
  crasher:
    initial call: reddy_conn:init/1
    pid: <0.132.0>
    registered_name: []
    exception exit: {{error,econnrefused},[{gen_server,init_it,6,[{file,"gen_server.erl"},{line,322}]},{proc_lib,init_p_do_apply,3,[{file,"proc_lib.erl"},{line,239}]}]}
    ancestors: [reddy_conn_sup,reddy_sup,<0.109.0>]
    messages: []
    links: [<0.111.0>]
    dictionary: []
    trap_exit: false
    status: running
    heap_size: 376
    stack_size: 27
    reductions: 546
  neighbours:
2015-01-18 09:48:25 =SUPERVISOR REPORT====
     Supervisor: {local,reddy_conn_sup}
     Context:    child_terminated
     Reason:     {error,econnrefused}
     Offender:   [{pid,<0.132.0>},{name,reddy_conn},{mfargs,{reddy_conn,start_link,undefined}},{restart_type,temporary},{shutdown,brutal_kill},{child_type,worker}]

2015-01-18 09:48:25 =CRASH REPORT====
  crasher:
    initial call: reddy_pool:init/1
    pid: <0.131.0>
    registered_name: []
    exception exit: {{error,{error,econnrefused}},[{gen_server,init_it,6,[{file,"gen_server.erl"},{line,322}]},{proc_lib,init_p_do_apply,3,[{file,"proc_lib.erl"},{line,239}]}]}
    ancestors: [reddy_pool_sup,reddy_sup,<0.109.0>]
    messages: []
    links: [<0.112.0>]
    dictionary: []
    trap_exit: false
    status: running
    heap_size: 376
    stack_size: 27
    reductions: 141
  neighbours:
2015-01-18 09:48:25 =SUPERVISOR REPORT====
     Supervisor: {local,reddy_pool_sup}
     Context:    child_terminated
     Reason:     {error,{error,econnrefused}}
     Offender:   [{pid,<0.131.0>},{name,reddy_pool},{mfargs,{reddy_pool,start_link,undefined}},{restart_type,temporary},{shutdown,brutal_kill},{child_type,worker}]

2015-01-18 09:57:46 =ERROR REPORT====
/Users/yutao/Documents/erlang/server_base/src/task/test.erl:15: Error: can't find include file "ecrontab.hrl"
2015-01-18 09:58:54 =ERROR REPORT====
/Users/yutao/Documents/erlang/server_base/src/task/test.erl:none: Error: no such file or directory
2015-01-18 09:58:56 =ERROR REPORT====
/Users/yutao/Documents/erlang/server_base/src/task/little_gc_task.erl:0: Error: Module definition (test) differs from expected (little_gc_task)
2015-01-18 15:21:44 =ERROR REPORT====
/Users/yutao/Documents/erlang/server_base/src/handler/little_ping_handler.erl:13: Warning: variable 'Opts' is unused
/Users/yutao/Documents/erlang/server_base/src/handler/little_ping_handler.erl:14: Warning: variable 'Method' is unused
/Users/yutao/Documents/erlang/server_base/src/handler/little_ping_handler.erl:15: Warning: variable 'HostInfo' is unused
/Users/yutao/Documents/erlang/server_base/src/handler/little_ping_handler.erl:22: Warning: variable 'Handler' is unused
/Users/yutao/Documents/erlang/server_base/src/handler/little_ping_handler.erl:22: Warning: variable 'State' is unused
/Users/yutao/Documents/erlang/server_base/src/handler/little_ping_handler.erl:0: Recompiled with 1 warnings
2015-01-18 15:22:04 =ERROR REPORT====
/Users/yutao/Documents/erlang/server_base/src/handler/little_ping_handler.erl:13: Warning: variable 'Opts' is unused
/Users/yutao/Documents/erlang/server_base/src/handler/little_ping_handler.erl:14: Warning: variable 'Method' is unused
/Users/yutao/Documents/erlang/server_base/src/handler/little_ping_handler.erl:23: Warning: variable 'Handler' is unused
/Users/yutao/Documents/erlang/server_base/src/handler/little_ping_handler.erl:23: Warning: variable 'State' is unused
/Users/yutao/Documents/erlang/server_base/src/handler/little_ping_handler.erl:0: Recompiled with 1 warnings
2015-01-18 15:22:30 =ERROR REPORT====
Error in process <0.1387.0> on node 'eric@127.0.0.1' with exit value: {[{reason,undef},{mfa,{little_ping_handler,init,2}},{stacktrace,[{cowboy_req,hostinfo,[{http_req,#Port<0.9351>,ranch_tcp,keepalive,<0.1387.0>,<<3 bytes>>,'HTTP/1.1',{{127,0,0,1},58715},<<9 bytes>>,undefined,9527,<<5 bytes>>,undefined,<<0 bytes>>,[],[{<<10 bytes>>,<<11 bytes>>},{<<4 bytes>>,<<14 bytes>>},{<<6 bytes>>,<<3 bytes>>}],[],waiting,<<0 bytes>>,undefined,false,waiting... 

2015-01-18 15:22:30 =ERROR REPORT====
Ranch listener little_web had connection process started with cowboy_protocol:start_link/4 at <0.1387.0> exit with reason: {[{reason,undef},{mfa,{little_ping_handler,init,2}},{stacktrace,[{cowboy_req,hostinfo,[{http_req,#Port<0.9351>,ranch_tcp,keepalive,<0.1387.0>,<<"GET">>,'HTTP/1.1',{{127,0,0,1},58715},<<"127.0.0.1">>,undefined,9527,<<"/ping">>,undefined,<<>>,[],[{<<"user-agent">>,<<"curl/7.37.1">>},{<<"host">>,<<"127.0.0.1:9527">>},{<<"accept">>,<<"*/*">>}],[],waiting,<<>>,undefined,false,waiting,[],<<>>,undefined}],[]},{little_ping_handler,init,2,[{file,"/Users/yutao/Documents/erlang/server_base/src/handler/little_ping_handler.erl"},{line,15}]},{cowboy_handler,execute,2,[{file,"src/cowboy_handler.erl"},{line,39}]},{cowboy_protocol,execute,4,[{file,"src/cowboy_protocol.erl"},{line,464}]}]},{req,[{socket,#Port<0.9351>},{transport,ranch_tcp},{connection,keepalive},{pid,<0.1387.0>},{method,<<"GET">>},{version,'HTTP/1.1'},{peer,{{127,0,0,1},58715}},{host,<<"127.0.0.1">>},{host_info,undefined},{port,9527},{path,<<"/ping">>},{path_info,undefined},{qs,<<>>},{bindings,[]},{headers,[{<<"user-agent">>,<<"curl/7.37.1">>},{<<"host">>,<<"127.0.0.1:9527">>},{<<"accept">>,<<"*/*">>}]},{meta,[]},{body_state,waiting},{buffer,<<>>},{multipart,undefined},{resp_compress,false},{resp_state,waiting},{resp_headers,[]},{resp_body,<<>>},{onresponse,undefined}]},{opts,[]}],[{cowboy_protocol,execute,4,[{file,"src/cowboy_protocol.erl"},{line,464}]}]}
2015-01-18 15:28:22 =ERROR REPORT====
/Users/yutao/Documents/erlang/server_base/src/handler/little_ping_handler.erl:13: Warning: variable 'Opts' is unused
/Users/yutao/Documents/erlang/server_base/src/handler/little_ping_handler.erl:14: Warning: variable 'Method' is unused
/Users/yutao/Documents/erlang/server_base/src/handler/little_ping_handler.erl:23: Warning: variable 'Handler' is unused
/Users/yutao/Documents/erlang/server_base/src/handler/little_ping_handler.erl:23: Warning: variable 'State' is unused
/Users/yutao/Documents/erlang/server_base/src/handler/little_ping_handler.erl:0: Recompiled with 1 warnings
2015-01-18 15:28:23 =ERROR REPORT====
/Users/yutao/Documents/erlang/server_base/src/handler/little_ping_handler.erl:13: Warning: variable 'Opts' is unused
/Users/yutao/Documents/erlang/server_base/src/handler/little_ping_handler.erl:14: Warning: variable 'Method' is unused
/Users/yutao/Documents/erlang/server_base/src/handler/little_ping_handler.erl:23: Warning: variable 'Handler' is unused
/Users/yutao/Documents/erlang/server_base/src/handler/little_ping_handler.erl:23: Warning: variable 'State' is unused
/Users/yutao/Documents/erlang/server_base/src/handler/little_ping_handler.erl:0: Recompiled with 1 warnings
2015-01-18 15:31:14 =ERROR REPORT====
/Users/yutao/Documents/erlang/server_base/src/handler/little_ping_handler.erl:13: Warning: variable 'Opts' is unused
/Users/yutao/Documents/erlang/server_base/src/handler/little_ping_handler.erl:14: Warning: variable 'Method' is unused
/Users/yutao/Documents/erlang/server_base/src/handler/little_ping_handler.erl:23: Warning: variable 'Handler' is unused
/Users/yutao/Documents/erlang/server_base/src/handler/little_ping_handler.erl:23: Warning: variable 'State' is unused
/Users/yutao/Documents/erlang/server_base/src/handler/little_ping_handler.erl:0: Recompiled with 1 warnings
2015-01-18 15:42:39 =ERROR REPORT====
/Users/yutao/Documents/erlang/server_base/src/handler/little_ping_handler.erl:13: Warning: variable 'Opts' is unused
/Users/yutao/Documents/erlang/server_base/src/handler/little_ping_handler.erl:14: Warning: variable 'Method' is unused
/Users/yutao/Documents/erlang/server_base/src/handler/little_ping_handler.erl:15: Warning: variable 'HostInfo' is unused
/Users/yutao/Documents/erlang/server_base/src/handler/little_ping_handler.erl:23: Warning: variable 'Handler' is unused
/Users/yutao/Documents/erlang/server_base/src/handler/little_ping_handler.erl:23: Warning: variable 'State' is unused
/Users/yutao/Documents/erlang/server_base/src/handler/little_ping_handler.erl:0: Recompiled with 1 warnings
2015-01-18 15:44:26 =ERROR REPORT====
/Users/yutao/Documents/erlang/server_base/src/handler/little_ping_handler.erl:13: Warning: variable 'Opts' is unused
/Users/yutao/Documents/erlang/server_base/src/handler/little_ping_handler.erl:14: Warning: variable 'Method' is unused
/Users/yutao/Documents/erlang/server_base/src/handler/little_ping_handler.erl:15: Warning: variable 'Peer' is unused
/Users/yutao/Documents/erlang/server_base/src/handler/little_ping_handler.erl:23: Warning: variable 'Handler' is unused
/Users/yutao/Documents/erlang/server_base/src/handler/little_ping_handler.erl:23: Warning: variable 'State' is unused
/Users/yutao/Documents/erlang/server_base/src/handler/little_ping_handler.erl:0: Recompiled with 1 warnings
2015-01-18 15:44:35 =ERROR REPORT====
/Users/yutao/Documents/erlang/server_base/src/handler/little_ping_handler.erl:13: Warning: variable 'Opts' is unused
/Users/yutao/Documents/erlang/server_base/src/handler/little_ping_handler.erl:14: Warning: variable 'Method' is unused
/Users/yutao/Documents/erlang/server_base/src/handler/little_ping_handler.erl:15: Warning: variable 'Peer' is unused
/Users/yutao/Documents/erlang/server_base/src/handler/little_ping_handler.erl:22: Warning: variable 'Handler' is unused
/Users/yutao/Documents/erlang/server_base/src/handler/little_ping_handler.erl:22: Warning: variable 'State' is unused
/Users/yutao/Documents/erlang/server_base/src/handler/little_ping_handler.erl:0: Recompiled with 1 warnings
2015-01-18 15:44:41 =ERROR REPORT====
/Users/yutao/Documents/erlang/server_base/src/handler/little_ping_handler.erl:13: Warning: variable 'Opts' is unused
/Users/yutao/Documents/erlang/server_base/src/handler/little_ping_handler.erl:14: Warning: variable 'Method' is unused
/Users/yutao/Documents/erlang/server_base/src/handler/little_ping_handler.erl:22: Warning: variable 'Handler' is unused
/Users/yutao/Documents/erlang/server_base/src/handler/little_ping_handler.erl:22: Warning: variable 'State' is unused
/Users/yutao/Documents/erlang/server_base/src/handler/little_ping_handler.erl:0: Recompiled with 1 warnings
2015-01-18 15:44:43 =ERROR REPORT====
/Users/yutao/Documents/erlang/server_base/src/handler/little_ping_handler.erl:13: Warning: variable 'Opts' is unused
/Users/yutao/Documents/erlang/server_base/src/handler/little_ping_handler.erl:14: Warning: variable 'Method' is unused
/Users/yutao/Documents/erlang/server_base/src/handler/little_ping_handler.erl:21: Warning: variable 'Handler' is unused
/Users/yutao/Documents/erlang/server_base/src/handler/little_ping_handler.erl:21: Warning: variable 'State' is unused
/Users/yutao/Documents/erlang/server_base/src/handler/little_ping_handler.erl:0: Recompiled with 1 warnings
2015-01-18 15:50:41 =ERROR REPORT====
/Users/yutao/Documents/erlang/server_base/src/handler/little_ping_handler.erl:13: Warning: variable 'Opts' is unused
/Users/yutao/Documents/erlang/server_base/src/handler/little_ping_handler.erl:14: Warning: variable 'Method' is unused
/Users/yutao/Documents/erlang/server_base/src/handler/little_ping_handler.erl:21: Warning: variable 'Handler' is unused
/Users/yutao/Documents/erlang/server_base/src/handler/little_ping_handler.erl:21: Warning: variable 'State' is unused
/Users/yutao/Documents/erlang/server_base/src/handler/little_ping_handler.erl:0: Recompiled with 1 warnings
2015-01-18 15:50:42 =ERROR REPORT====
/Users/yutao/Documents/erlang/server_base/src/handler/little_ping_handler.erl:13: Warning: variable 'Opts' is unused
/Users/yutao/Documents/erlang/server_base/src/handler/little_ping_handler.erl:14: Warning: variable 'Method' is unused
/Users/yutao/Documents/erlang/server_base/src/handler/little_ping_handler.erl:21: Warning: variable 'Handler' is unused
/Users/yutao/Documents/erlang/server_base/src/handler/little_ping_handler.erl:21: Warning: variable 'State' is unused
/Users/yutao/Documents/erlang/server_base/src/handler/little_ping_handler.erl:0: Recompiled with 1 warnings
2015-01-18 15:52:02 =ERROR REPORT====
/Users/yutao/Documents/erlang/server_base/src/handler/little_ping_handler.erl:13: Warning: variable 'Opts' is unused
/Users/yutao/Documents/erlang/server_base/src/handler/little_ping_handler.erl:14: Warning: variable 'Method' is unused
/Users/yutao/Documents/erlang/server_base/src/handler/little_ping_handler.erl:21: Warning: variable 'Handler' is unused
/Users/yutao/Documents/erlang/server_base/src/handler/little_ping_handler.erl:21: Warning: variable 'State' is unused
/Users/yutao/Documents/erlang/server_base/src/handler/little_ping_handler.erl:0: Recompiled with 1 warnings
2015-01-18 15:52:03 =ERROR REPORT====
/Users/yutao/Documents/erlang/server_base/src/handler/little_ping_handler.erl:13: Warning: variable 'Opts' is unused
/Users/yutao/Documents/erlang/server_base/src/handler/little_ping_handler.erl:14: Warning: variable 'Method' is unused
/Users/yutao/Documents/erlang/server_base/src/handler/little_ping_handler.erl:21: Warning: variable 'Handler' is unused
/Users/yutao/Documents/erlang/server_base/src/handler/little_ping_handler.erl:21: Warning: variable 'State' is unused
/Users/yutao/Documents/erlang/server_base/src/handler/little_ping_handler.erl:0: Recompiled with 1 warnings
2015-01-18 15:52:22 =ERROR REPORT====
Ranch listener little_web had connection process started with cowboy_protocol:start_link/4 at <0.5672.0> exit with reason: {{badmatch,{http_req,#Port<0.10234>,ranch_tcp,keepalive,<0.5672.0>,<<"GET">>,'HTTP/1.1',{{127,0,0,1},58828},<<"127.0.0.1">>,undefined,9527,<<"/ping">>,undefined,<<>>,[],[{<<"user-agent">>,<<"curl/7.37.1">>},{<<"host">>,<<"127.0.0.1:9527">>},{<<"accept">>,<<"*/*">>}],[],waiting,<<>>,undefined,false,done,[],<<>>,undefined}},[{little_ping_handler,upgrade,6,[{file,"/Users/yutao/Documents/erlang/server_base/src/handler/little_ping_handler.erl"},{line,23}]},{cowboy_protocol,execute,4,[{file,"src/cowboy_protocol.erl"},{line,464}]}]}
2015-01-18 15:52:22 =ERROR REPORT====
Error in process <0.5672.0> on node 'eric@127.0.0.1' with exit value: {{badmatch,{http_req,#Port<0.10234>,ranch_tcp,keepalive,<0.5672.0>,<<3 bytes>>,'HTTP/1.1',{{127,0,0,1},58828},<<9 bytes>>,undefined,9527,<<5 bytes>>,undefined,<<0 bytes>>,[],[{<<10 bytes>>,<<11 bytes>>},{<<4 bytes>>,<<14 bytes>>},{<<6 bytes>>,<<3 bytes>>}],[],waiting,<<0 bytes>>,undefined,false,done,[],<<0 bytes>>,undefined}},[{little_ping_handler,upgrade,6,[{file,"/Users/yutao/Documents/... 

2015-01-18 15:53:25 =ERROR REPORT====
/Users/yutao/Documents/erlang/server_base/src/handler/little_ping_handler.erl:13: Warning: variable 'Opts' is unused
/Users/yutao/Documents/erlang/server_base/src/handler/little_ping_handler.erl:14: Warning: variable 'Method' is unused
/Users/yutao/Documents/erlang/server_base/src/handler/little_ping_handler.erl:21: Warning: variable 'Handler' is unused
/Users/yutao/Documents/erlang/server_base/src/handler/little_ping_handler.erl:21: Warning: variable 'State' is unused
/Users/yutao/Documents/erlang/server_base/src/handler/little_ping_handler.erl:0: Recompiled with 1 warnings
2015-01-18 15:53:26 =ERROR REPORT====
/Users/yutao/Documents/erlang/server_base/src/handler/little_ping_handler.erl:13: Warning: variable 'Opts' is unused
/Users/yutao/Documents/erlang/server_base/src/handler/little_ping_handler.erl:14: Warning: variable 'Method' is unused
/Users/yutao/Documents/erlang/server_base/src/handler/little_ping_handler.erl:21: Warning: variable 'Handler' is unused
/Users/yutao/Documents/erlang/server_base/src/handler/little_ping_handler.erl:21: Warning: variable 'State' is unused
/Users/yutao/Documents/erlang/server_base/src/handler/little_ping_handler.erl:0: Recompiled with 1 warnings
2015-01-18 15:53:32 =ERROR REPORT====
Ranch listener little_web had connection process started with cowboy_protocol:start_link/4 at <0.5865.0> exit with reason: {{badmatch,{http_req,#Port<0.10381>,ranch_tcp,keepalive,<0.5865.0>,<<"GET">>,'HTTP/1.1',{{127,0,0,1},58832},<<"127.0.0.1">>,undefined,9527,<<"/ping">>,undefined,<<>>,[],[{<<"user-agent">>,<<"curl/7.37.1">>},{<<"host">>,<<"127.0.0.1:9527">>},{<<"accept">>,<<"*/*">>}],[],waiting,<<>>,undefined,false,done,[],<<>>,undefined}},[{little_ping_handler,upgrade,6,[{file,"/Users/yutao/Documents/erlang/server_base/src/handler/little_ping_handler.erl"},{line,23}]},{cowboy_protocol,execute,4,[{file,"src/cowboy_protocol.erl"},{line,464}]}]}
2015-01-18 15:53:32 =ERROR REPORT====
Error in process <0.5865.0> on node 'eric@127.0.0.1' with exit value: {{badmatch,{http_req,#Port<0.10381>,ranch_tcp,keepalive,<0.5865.0>,<<3 bytes>>,'HTTP/1.1',{{127,0,0,1},58832},<<9 bytes>>,undefined,9527,<<5 bytes>>,undefined,<<0 bytes>>,[],[{<<10 bytes>>,<<11 bytes>>},{<<4 bytes>>,<<14 bytes>>},{<<6 bytes>>,<<3 bytes>>}],[],waiting,<<0 bytes>>,undefined,false,done,[],<<0 bytes>>,undefined}},[{little_ping_handler,upgrade,6,[{file,"/Users/yutao/Documents/... 

2015-01-18 15:56:01 =ERROR REPORT====
/Users/yutao/Documents/erlang/server_base/src/handler/little_ping_handler.erl:13: Warning: variable 'Opts' is unused
/Users/yutao/Documents/erlang/server_base/src/handler/little_ping_handler.erl:14: Warning: variable 'Method' is unused
/Users/yutao/Documents/erlang/server_base/src/handler/little_ping_handler.erl:21: Warning: variable 'Handler' is unused
/Users/yutao/Documents/erlang/server_base/src/handler/little_ping_handler.erl:21: Warning: variable 'State' is unused
/Users/yutao/Documents/erlang/server_base/src/handler/little_ping_handler.erl:0: Recompiled with 1 warnings
2015-01-18 15:56:25 =ERROR REPORT====
/Users/yutao/Documents/erlang/server_base/src/handler/little_ping_handler.erl:13: Warning: variable 'Opts' is unused
/Users/yutao/Documents/erlang/server_base/src/handler/little_ping_handler.erl:14: Warning: variable 'Method' is unused
/Users/yutao/Documents/erlang/server_base/src/handler/little_ping_handler.erl:21: Warning: variable 'Handler' is unused
/Users/yutao/Documents/erlang/server_base/src/handler/little_ping_handler.erl:21: Warning: variable 'State' is unused
/Users/yutao/Documents/erlang/server_base/src/handler/little_ping_handler.erl:0: Recompiled with 1 warnings
2015-01-18 15:56:53 =ERROR REPORT====
/Users/yutao/Documents/erlang/server_base/src/handler/little_ping_handler.erl:13: Warning: variable 'Opts' is unused
/Users/yutao/Documents/erlang/server_base/src/handler/little_ping_handler.erl:14: Warning: variable 'Method' is unused
/Users/yutao/Documents/erlang/server_base/src/handler/little_ping_handler.erl:21: Warning: variable 'Handler' is unused
/Users/yutao/Documents/erlang/server_base/src/handler/little_ping_handler.erl:21: Warning: variable 'State' is unused
/Users/yutao/Documents/erlang/server_base/src/handler/little_ping_handler.erl:0: Recompiled with 1 warnings
2015-01-18 15:57:08 =ERROR REPORT====
/Users/yutao/Documents/erlang/server_base/src/handler/little_ping_handler.erl:13: Warning: variable 'Opts' is unused
/Users/yutao/Documents/erlang/server_base/src/handler/little_ping_handler.erl:14: Warning: variable 'Method' is unused
/Users/yutao/Documents/erlang/server_base/src/handler/little_ping_handler.erl:21: Warning: variable 'Handler' is unused
/Users/yutao/Documents/erlang/server_base/src/handler/little_ping_handler.erl:21: Warning: variable 'State' is unused
/Users/yutao/Documents/erlang/server_base/src/handler/little_ping_handler.erl:0: Recompiled with 1 warnings
2015-01-18 16:00:53 =ERROR REPORT====
/Users/yutao/Documents/erlang/server_base/src/handler/little_ping_handler.erl:13: Warning: variable 'Opts' is unused
/Users/yutao/Documents/erlang/server_base/src/handler/little_ping_handler.erl:14: Warning: variable 'Method' is unused
/Users/yutao/Documents/erlang/server_base/src/handler/little_ping_handler.erl:21: Warning: variable 'Handler' is unused
/Users/yutao/Documents/erlang/server_base/src/handler/little_ping_handler.erl:21: Warning: variable 'State' is unused
/Users/yutao/Documents/erlang/server_base/src/handler/little_ping_handler.erl:0: Recompiled with 1 warnings
2015-01-18 16:03:46 =ERROR REPORT====
/Users/yutao/Documents/erlang/server_base/src/handler/little_ping_handler.erl:13: Warning: variable 'Opts' is unused
/Users/yutao/Documents/erlang/server_base/src/handler/little_ping_handler.erl:14: Warning: variable 'Method' is unused
/Users/yutao/Documents/erlang/server_base/src/handler/little_ping_handler.erl:21: Warning: variable 'Handler' is unused
/Users/yutao/Documents/erlang/server_base/src/handler/little_ping_handler.erl:21: Warning: variable 'State' is unused
/Users/yutao/Documents/erlang/server_base/src/handler/little_ping_handler.erl:0: Recompiled with 1 warnings
2015-01-18 16:04:37 =ERROR REPORT====
/Users/yutao/Documents/erlang/server_base/src/handler/little_ping_handler.erl:13: Warning: variable 'Opts' is unused
/Users/yutao/Documents/erlang/server_base/src/handler/little_ping_handler.erl:14: Warning: variable 'Method' is unused
/Users/yutao/Documents/erlang/server_base/src/handler/little_ping_handler.erl:21: Warning: variable 'Handler' is unused
/Users/yutao/Documents/erlang/server_base/src/handler/little_ping_handler.erl:21: Warning: variable 'State' is unused
/Users/yutao/Documents/erlang/server_base/src/handler/little_ping_handler.erl:0: Recompiled with 1 warnings
2015-01-18 16:05:08 =ERROR REPORT====
/Users/yutao/Documents/erlang/server_base/src/handler/little_ping_handler.erl:13: Warning: variable 'Opts' is unused
/Users/yutao/Documents/erlang/server_base/src/handler/little_ping_handler.erl:14: Warning: variable 'Method' is unused
/Users/yutao/Documents/erlang/server_base/src/handler/little_ping_handler.erl:21: Warning: variable 'Handler' is unused
/Users/yutao/Documents/erlang/server_base/src/handler/little_ping_handler.erl:21: Warning: variable 'Req' is unused
/Users/yutao/Documents/erlang/server_base/src/handler/little_ping_handler.erl:21: Warning: variable 'State' is unused
/Users/yutao/Documents/erlang/server_base/src/handler/little_ping_handler.erl:25: Error: variable 'Req2' is unbound
2015-01-18 16:05:10 =ERROR REPORT====
/Users/yutao/Documents/erlang/server_base/src/handler/little_ping_handler.erl:13: Warning: variable 'Opts' is unused
/Users/yutao/Documents/erlang/server_base/src/handler/little_ping_handler.erl:14: Warning: variable 'Method' is unused
/Users/yutao/Documents/erlang/server_base/src/handler/little_ping_handler.erl:21: Warning: variable 'Handler' is unused
/Users/yutao/Documents/erlang/server_base/src/handler/little_ping_handler.erl:21: Warning: variable 'Req' is unused
/Users/yutao/Documents/erlang/server_base/src/handler/little_ping_handler.erl:21: Warning: variable 'State' is unused
/Users/yutao/Documents/erlang/server_base/src/handler/little_ping_handler.erl:25: Error: variable 'Req2' is unbound
2015-01-18 16:05:13 =ERROR REPORT====
/Users/yutao/Documents/erlang/server_base/src/handler/little_ping_handler.erl:13: Warning: variable 'Opts' is unused
/Users/yutao/Documents/erlang/server_base/src/handler/little_ping_handler.erl:14: Warning: variable 'Method' is unused
/Users/yutao/Documents/erlang/server_base/src/handler/little_ping_handler.erl:21: Warning: variable 'Handler' is unused
/Users/yutao/Documents/erlang/server_base/src/handler/little_ping_handler.erl:21: Warning: variable 'State' is unused
/Users/yutao/Documents/erlang/server_base/src/handler/little_ping_handler.erl:0: Recompiled with 1 warnings
2015-01-18 16:05:15 =ERROR REPORT====
/Users/yutao/Documents/erlang/server_base/src/handler/little_ping_handler.erl:13: Warning: variable 'Opts' is unused
/Users/yutao/Documents/erlang/server_base/src/handler/little_ping_handler.erl:14: Warning: variable 'Method' is unused
/Users/yutao/Documents/erlang/server_base/src/handler/little_ping_handler.erl:21: Warning: variable 'Handler' is unused
/Users/yutao/Documents/erlang/server_base/src/handler/little_ping_handler.erl:21: Warning: variable 'State' is unused
/Users/yutao/Documents/erlang/server_base/src/handler/little_ping_handler.erl:0: Recompiled with 1 warnings
2015-01-18 16:05:17 =ERROR REPORT====
Bad value on output port 'tcp_inet'

2015-01-18 16:05:17 =ERROR REPORT====
Ranch listener little_web had connection process started with cowboy_protocol:start_link/4 at <0.7627.0> exit with reason: {{badmatch,{error,einval}},[{cowboy_req,response,6,[{file,"src/cowboy_req.erl"},{line,1088}]},{cowboy_req,reply_no_compress,8,[{file,"src/cowboy_req.erl"},{line,840}]},{cowboy_req,reply,4,[{file,"src/cowboy_req.erl"},{line,795}]},{cowboy_req,ensure_response,2,[{file,"src/cowboy_req.erl"},{line,922}]},{cowboy_protocol,next_request,3,[{file,"src/cowboy_protocol.erl"},{line,490}]}]}
2015-01-18 16:05:17 =ERROR REPORT====
Error in process <0.7627.0> on node 'eric@127.0.0.1' with exit value: {{badmatch,{error,einval}},[{cowboy_req,response,6,[{file,"src/cowboy_req.erl"},{line,1088}]},{cowboy_req,reply_no_compress,8,[{file,"src/cowboy_req.erl"},{line,840}]},{cowboy_req,reply,4,[{file,"src/cowboy_req.erl"},{line,795}]},{cowboy_req... 

2015-01-18 16:05:38 =ERROR REPORT====
/Users/yutao/Documents/erlang/server_base/src/handler/little_ping_handler.erl:13: Warning: variable 'Opts' is unused
/Users/yutao/Documents/erlang/server_base/src/handler/little_ping_handler.erl:14: Warning: variable 'Method' is unused
/Users/yutao/Documents/erlang/server_base/src/handler/little_ping_handler.erl:21: Warning: variable 'Handler' is unused
/Users/yutao/Documents/erlang/server_base/src/handler/little_ping_handler.erl:21: Warning: variable 'State' is unused
/Users/yutao/Documents/erlang/server_base/src/handler/little_ping_handler.erl:0: Recompiled with 1 warnings
2015-01-18 16:05:48 =ERROR REPORT====
/Users/yutao/Documents/erlang/server_base/src/handler/little_ping_handler.erl:13: Warning: variable 'Opts' is unused
/Users/yutao/Documents/erlang/server_base/src/handler/little_ping_handler.erl:14: Warning: variable 'Method' is unused
/Users/yutao/Documents/erlang/server_base/src/handler/little_ping_handler.erl:21: Warning: variable 'Handler' is unused
/Users/yutao/Documents/erlang/server_base/src/handler/little_ping_handler.erl:21: Warning: variable 'State' is unused
/Users/yutao/Documents/erlang/server_base/src/handler/little_ping_handler.erl:0: Recompiled with 1 warnings
2015-01-18 16:05:54 =ERROR REPORT====
/Users/yutao/Documents/erlang/server_base/src/handler/little_ping_handler.erl:13: Warning: variable 'Opts' is unused
/Users/yutao/Documents/erlang/server_base/src/handler/little_ping_handler.erl:14: Warning: variable 'Method' is unused
/Users/yutao/Documents/erlang/server_base/src/handler/little_ping_handler.erl:21: Warning: variable 'Handler' is unused
/Users/yutao/Documents/erlang/server_base/src/handler/little_ping_handler.erl:21: Warning: variable 'State' is unused
/Users/yutao/Documents/erlang/server_base/src/handler/little_ping_handler.erl:0: Recompiled with 1 warnings
2015-01-18 16:05:55 =ERROR REPORT====
/Users/yutao/Documents/erlang/server_base/src/handler/little_ping_handler.erl:13: Warning: variable 'Opts' is unused
/Users/yutao/Documents/erlang/server_base/src/handler/little_ping_handler.erl:14: Warning: variable 'Method' is unused
/Users/yutao/Documents/erlang/server_base/src/handler/little_ping_handler.erl:21: Warning: variable 'Handler' is unused
/Users/yutao/Documents/erlang/server_base/src/handler/little_ping_handler.erl:21: Warning: variable 'State' is unused
/Users/yutao/Documents/erlang/server_base/src/handler/little_ping_handler.erl:0: Recompiled with 1 warnings
2015-01-18 16:05:56 =ERROR REPORT====
/Users/yutao/Documents/erlang/server_base/src/handler/little_ping_handler.erl:13: Warning: variable 'Opts' is unused
/Users/yutao/Documents/erlang/server_base/src/handler/little_ping_handler.erl:14: Warning: variable 'Method' is unused
/Users/yutao/Documents/erlang/server_base/src/handler/little_ping_handler.erl:21: Warning: variable 'Handler' is unused
/Users/yutao/Documents/erlang/server_base/src/handler/little_ping_handler.erl:21: Warning: variable 'State' is unused
/Users/yutao/Documents/erlang/server_base/src/handler/little_ping_handler.erl:0: Recompiled with 1 warnings
2015-01-18 16:05:58 =ERROR REPORT====
/Users/yutao/Documents/erlang/server_base/src/handler/little_ping_handler.erl:13: Warning: variable 'Opts' is unused
/Users/yutao/Documents/erlang/server_base/src/handler/little_ping_handler.erl:14: Warning: variable 'Method' is unused
/Users/yutao/Documents/erlang/server_base/src/handler/little_ping_handler.erl:21: Warning: variable 'Handler' is unused
/Users/yutao/Documents/erlang/server_base/src/handler/little_ping_handler.erl:21: Warning: variable 'State' is unused
/Users/yutao/Documents/erlang/server_base/src/handler/little_ping_handler.erl:0: Recompiled with 1 warnings
2015-01-18 16:06:41 =ERROR REPORT====
/Users/yutao/Documents/erlang/server_base/src/handler/little_ping_handler.erl:13: Warning: variable 'Opts' is unused
/Users/yutao/Documents/erlang/server_base/src/handler/little_ping_handler.erl:14: Warning: variable 'Method' is unused
/Users/yutao/Documents/erlang/server_base/src/handler/little_ping_handler.erl:21: Warning: variable 'Handler' is unused
/Users/yutao/Documents/erlang/server_base/src/handler/little_ping_handler.erl:21: Warning: variable 'State' is unused
/Users/yutao/Documents/erlang/server_base/src/handler/little_ping_handler.erl:0: Recompiled with 1 warnings
2015-01-18 16:11:51 =ERROR REPORT====
/Users/yutao/Documents/erlang/server_base/src/handler/little_ping_handler.erl:13: Warning: variable 'Opts' is unused
/Users/yutao/Documents/erlang/server_base/src/handler/little_ping_handler.erl:14: Warning: variable 'Method' is unused
/Users/yutao/Documents/erlang/server_base/src/handler/little_ping_handler.erl:23: Warning: variable 'Handler' is unused
/Users/yutao/Documents/erlang/server_base/src/handler/little_ping_handler.erl:23: Warning: variable 'State' is unused
/Users/yutao/Documents/erlang/server_base/src/handler/little_ping_handler.erl:0: Recompiled with 1 warnings
2015-01-18 16:15:57 =ERROR REPORT====
/Users/yutao/Documents/erlang/server_base/src/handler/little_ping_handler.erl:7: Error: function upgrade/6 undefined
/Users/yutao/Documents/erlang/server_base/src/handler/little_ping_handler.erl:13: Warning: variable 'Opts' is unused
/Users/yutao/Documents/erlang/server_base/src/handler/little_ping_handler.erl:14: Warning: variable 'Method' is unused
/Users/yutao/Documents/erlang/server_base/src/handler/little_ping_handler.erl:25: Error: syntax error before: ')'
2015-01-18 16:16:18 =ERROR REPORT====
/Users/yutao/Documents/erlang/server_base/src/handler/little_ping_handler.erl:7: Error: function upgrade/6 undefined
/Users/yutao/Documents/erlang/server_base/src/handler/little_ping_handler.erl:13: Warning: variable 'Opts' is unused
/Users/yutao/Documents/erlang/server_base/src/handler/little_ping_handler.erl:14: Warning: variable 'Method' is unused
/Users/yutao/Documents/erlang/server_base/src/handler/little_ping_handler.erl:25: Error: syntax error before: ')'
2015-01-18 16:16:23 =ERROR REPORT====
/Users/yutao/Documents/erlang/server_base/src/handler/little_ping_handler.erl:7: Error: function upgrade/6 undefined
/Users/yutao/Documents/erlang/server_base/src/handler/little_ping_handler.erl:13: Warning: variable 'Opts' is unused
/Users/yutao/Documents/erlang/server_base/src/handler/little_ping_handler.erl:14: Warning: variable 'Method' is unused
/Users/yutao/Documents/erlang/server_base/src/handler/little_ping_handler.erl:25: Error: syntax error before: ')'
2015-01-18 16:16:58 =ERROR REPORT====
/Users/yutao/Documents/erlang/server_base/src/handler/little_ping_handler.erl:13: Warning: variable 'Opts' is unused
/Users/yutao/Documents/erlang/server_base/src/handler/little_ping_handler.erl:14: Warning: variable 'Method' is unused
/Users/yutao/Documents/erlang/server_base/src/handler/little_ping_handler.erl:23: Warning: variable 'Handler' is unused
/Users/yutao/Documents/erlang/server_base/src/handler/little_ping_handler.erl:23: Warning: variable 'State' is unused
/Users/yutao/Documents/erlang/server_base/src/handler/little_ping_handler.erl:0: Recompiled with 1 warnings
2015-01-18 16:17:10 =ERROR REPORT====
/Users/yutao/Documents/erlang/server_base/src/handler/little_ping_handler.erl:13: Warning: variable 'Opts' is unused
/Users/yutao/Documents/erlang/server_base/src/handler/little_ping_handler.erl:14: Warning: variable 'Method' is unused
/Users/yutao/Documents/erlang/server_base/src/handler/little_ping_handler.erl:23: Warning: variable 'Handler' is unused
/Users/yutao/Documents/erlang/server_base/src/handler/little_ping_handler.erl:23: Warning: variable 'State' is unused
/Users/yutao/Documents/erlang/server_base/src/handler/little_ping_handler.erl:0: Recompiled with 1 warnings
2015-01-18 16:17:19 =ERROR REPORT====
/Users/yutao/Documents/erlang/server_base/src/handler/little_ping_handler.erl:13: Warning: variable 'Opts' is unused
/Users/yutao/Documents/erlang/server_base/src/handler/little_ping_handler.erl:14: Warning: variable 'Method' is unused
/Users/yutao/Documents/erlang/server_base/src/handler/little_ping_handler.erl:23: Warning: variable 'Handler' is unused
/Users/yutao/Documents/erlang/server_base/src/handler/little_ping_handler.erl:23: Warning: variable 'State' is unused
/Users/yutao/Documents/erlang/server_base/src/handler/little_ping_handler.erl:0: Recompiled with 1 warnings
2015-01-18 16:25:30 =ERROR REPORT====
/Users/yutao/Documents/erlang/server_base/src/handler/little_ping_handler.erl:7: Error: function upgrade/6 undefined
/Users/yutao/Documents/erlang/server_base/src/handler/little_ping_handler.erl:13: Warning: variable 'Opts' is unused
/Users/yutao/Documents/erlang/server_base/src/handler/little_ping_handler.erl:14: Warning: variable 'Method' is unused
/Users/yutao/Documents/erlang/server_base/src/handler/little_ping_handler.erl:25: Error: syntax error before: ')'
2015-01-18 16:25:43 =ERROR REPORT====
/Users/yutao/Documents/erlang/server_base/src/handler/little_ping_handler.erl:7: Error: function upgrade/6 undefined
/Users/yutao/Documents/erlang/server_base/src/handler/little_ping_handler.erl:13: Warning: variable 'Opts' is unused
/Users/yutao/Documents/erlang/server_base/src/handler/little_ping_handler.erl:14: Warning: variable 'Method' is unused
/Users/yutao/Documents/erlang/server_base/src/handler/little_ping_handler.erl:25: Error: syntax error before: ')'
2015-01-18 16:25:44 =ERROR REPORT====
/Users/yutao/Documents/erlang/server_base/src/handler/little_ping_handler.erl:7: Error: function upgrade/6 undefined
/Users/yutao/Documents/erlang/server_base/src/handler/little_ping_handler.erl:13: Warning: variable 'Opts' is unused
/Users/yutao/Documents/erlang/server_base/src/handler/little_ping_handler.erl:14: Warning: variable 'Method' is unused
/Users/yutao/Documents/erlang/server_base/src/handler/little_ping_handler.erl:25: Error: syntax error before: ')'
2015-01-18 16:25:56 =ERROR REPORT====
/Users/yutao/Documents/erlang/server_base/src/handler/little_ping_handler.erl:13: Warning: variable 'Opts' is unused
/Users/yutao/Documents/erlang/server_base/src/handler/little_ping_handler.erl:14: Warning: variable 'Method' is unused
/Users/yutao/Documents/erlang/server_base/src/handler/little_ping_handler.erl:23: Warning: variable 'Handler' is unused
/Users/yutao/Documents/erlang/server_base/src/handler/little_ping_handler.erl:23: Warning: variable 'State' is unused
/Users/yutao/Documents/erlang/server_base/src/handler/little_ping_handler.erl:0: Recompiled with 1 warnings
2015-01-18 16:26:07 =ERROR REPORT====
/Users/yutao/Documents/erlang/server_base/src/handler/little_ping_handler.erl:13: Warning: variable 'Opts' is unused
/Users/yutao/Documents/erlang/server_base/src/handler/little_ping_handler.erl:14: Warning: variable 'Method' is unused
/Users/yutao/Documents/erlang/server_base/src/handler/little_ping_handler.erl:23: Warning: variable 'Handler' is unused
/Users/yutao/Documents/erlang/server_base/src/handler/little_ping_handler.erl:23: Warning: variable 'State' is unused
/Users/yutao/Documents/erlang/server_base/src/handler/little_ping_handler.erl:0: Recompiled with 1 warnings
2015-01-18 16:26:18 =ERROR REPORT====
/Users/yutao/Documents/erlang/server_base/src/handler/little_ping_handler.erl:13: Warning: variable 'Opts' is unused
/Users/yutao/Documents/erlang/server_base/src/handler/little_ping_handler.erl:14: Warning: variable 'Method' is unused
/Users/yutao/Documents/erlang/server_base/src/handler/little_ping_handler.erl:23: Warning: variable 'Handler' is unused
/Users/yutao/Documents/erlang/server_base/src/handler/little_ping_handler.erl:23: Warning: variable 'State' is unused
/Users/yutao/Documents/erlang/server_base/src/handler/little_ping_handler.erl:0: Recompiled with 1 warnings
2015-01-18 16:26:30 =ERROR REPORT====
/Users/yutao/Documents/erlang/server_base/src/handler/little_ping_handler.erl:13: Warning: variable 'Opts' is unused
/Users/yutao/Documents/erlang/server_base/src/handler/little_ping_handler.erl:14: Warning: variable 'Method' is unused
/Users/yutao/Documents/erlang/server_base/src/handler/little_ping_handler.erl:23: Warning: variable 'Handler' is unused
/Users/yutao/Documents/erlang/server_base/src/handler/little_ping_handler.erl:23: Warning: variable 'State' is unused
/Users/yutao/Documents/erlang/server_base/src/handler/little_ping_handler.erl:0: Recompiled with 1 warnings
2015-01-18 16:27:34 =ERROR REPORT====
/Users/yutao/Documents/erlang/server_base/src/handler/little_ping_handler.erl:13: Warning: variable 'Opts' is unused
/Users/yutao/Documents/erlang/server_base/src/handler/little_ping_handler.erl:14: Warning: variable 'Method' is unused
/Users/yutao/Documents/erlang/server_base/src/handler/little_ping_handler.erl:23: Warning: variable 'Handler' is unused
/Users/yutao/Documents/erlang/server_base/src/handler/little_ping_handler.erl:23: Warning: variable 'State' is unused
/Users/yutao/Documents/erlang/server_base/src/handler/little_ping_handler.erl:0: Recompiled with 1 warnings
2015-01-18 18:03:49 =ERROR REPORT====
/Users/yutao/Documents/erlang/server_base/src/handler/little_ping_handler.erl:13: Warning: variable 'Opts' is unused
/Users/yutao/Documents/erlang/server_base/src/handler/little_ping_handler.erl:14: Warning: variable 'Method' is unused
/Users/yutao/Documents/erlang/server_base/src/handler/little_ping_handler.erl:23: Warning: variable 'Handler' is unused
/Users/yutao/Documents/erlang/server_base/src/handler/little_ping_handler.erl:23: Warning: variable 'State' is unused
/Users/yutao/Documents/erlang/server_base/src/handler/little_ping_handler.erl:0: Recompiled with 1 warnings
2015-01-18 19:18:34 =ERROR REPORT====
/Users/yutao/Documents/erlang/server_base/src/handler/little_ping_handler.erl:13: Warning: variable 'Opts' is unused
/Users/yutao/Documents/erlang/server_base/src/handler/little_ping_handler.erl:14: Warning: variable 'Method' is unused
/Users/yutao/Documents/erlang/server_base/src/handler/little_ping_handler.erl:23: Warning: variable 'Handler' is unused
/Users/yutao/Documents/erlang/server_base/src/handler/little_ping_handler.erl:23: Warning: variable 'State' is unused
/Users/yutao/Documents/erlang/server_base/src/handler/little_ping_handler.erl:0: Recompiled with 1 warnings
2015-01-18 19:22:54 =ERROR REPORT====
/Users/yutao/Documents/erlang/server_base/src/little_web.erl:9: Error: function init/1 undefined
/Users/yutao/Documents/erlang/server_base/src/little_web.erl:18: Warning: record state is unused
/Users/yutao/Documents/erlang/server_base/src/little_web.erl:54: Error: syntax error before: '{'
2015-01-18 19:23:05 =ERROR REPORT====
/Users/yutao/Documents/erlang/server_base/src/little_web.erl:9: Error: function init/1 undefined
/Users/yutao/Documents/erlang/server_base/src/little_web.erl:18: Warning: record state is unused
/Users/yutao/Documents/erlang/server_base/src/little_web.erl:54: Error: syntax error before: '{'
2015-01-18 19:23:07 =ERROR REPORT====
/Users/yutao/Documents/erlang/server_base/src/little_web.erl:9: Error: function init/1 undefined
/Users/yutao/Documents/erlang/server_base/src/little_web.erl:18: Warning: record state is unused
/Users/yutao/Documents/erlang/server_base/src/little_web.erl:54: Error: syntax error before: '{'
2015-01-18 20:20:24 =ERROR REPORT====
/Users/yutao/Documents/erlang/server_base/src/http_test/http_test.erl:8: Error: variable 'Body' is unbound
/Users/yutao/Documents/erlang/server_base/src/http_test/http_test.erl:8: Error: variable 'Hdrs' is unbound
/Users/yutao/Documents/erlang/server_base/src/http_test/http_test.erl:8: Error: variable 'Method' is unbound
/Users/yutao/Documents/erlang/server_base/src/http_test/http_test.erl:8: Error: variable 'Timeout' is unbound
/Users/yutao/Documents/erlang/server_base/src/http_test/http_test.erl:8: Error: variable 'Url' is unbound
2015-01-18 20:20:37 =ERROR REPORT====
/Users/yutao/Documents/erlang/server_base/src/http_test/http_test.erl:5: Error: function run/0 undefined
/Users/yutao/Documents/erlang/server_base/src/http_test/http_test.erl:7: Warning: function run/5 is unused
2015-01-18 20:55:58 =CRASH REPORT====
  crasher:
    initial call: supervisor:ranch_acceptors_sup/1
    pid: <0.134.0>
    registered_name: []
    exception exit: {{{badmatch,false},[{ranch_ssl,listen,1,[{file,"src/ranch_ssl.erl"},{line,81}]},{ranch_acceptors_sup,init,1,[{file,"src/ranch_acceptors_sup.erl"},{line,30}]},{supervisor,init,1,[{file,"supervisor.erl"},{line,243}]},{gen_server,init_it,6,[{file,"gen_server.erl"},{line,306}]},{proc_lib,init_p_do_apply,3,[{file,"proc_lib.erl"},{line,239}]}]},[{gen_server,init_it,6,[{file,"gen_server.erl"},{line,330}]},{proc_lib,init_p_do_apply,3,[{file,"proc_lib.erl"},{line,239}]}]}
    ancestors: [<0.132.0>,ranch_sup,<0.101.0>]
    messages: []
    links: [<0.132.0>]
    dictionary: []
    trap_exit: true
    status: running
    heap_size: 610
    stack_size: 27
    reductions: 216
  neighbours:
2015-01-18 20:55:58 =SUPERVISOR REPORT====
     Supervisor: {<0.132.0>,ranch_listener_sup}
     Context:    start_error
     Reason:     {{badmatch,false},[{ranch_ssl,listen,1,[{file,"src/ranch_ssl.erl"},{line,81}]},{ranch_acceptors_sup,init,1,[{file,"src/ranch_acceptors_sup.erl"},{line,30}]},{supervisor,init,1,[{file,"supervisor.erl"},{line,243}]},{gen_server,init_it,6,[{file,"gen_server.erl"},{line,306}]},{proc_lib,init_p_do_apply,3,[{file,"proc_lib.erl"},{line,239}]}]}
     Offender:   [{pid,undefined},{name,ranch_acceptors_sup},{mfargs,{ranch_acceptors_sup,start_link,[little_web,10,ranch_ssl,[{port,9527}]]}},{restart_type,permanent},{shutdown,infinity},{child_type,supervisor}]

2015-01-18 22:45:17 =ERROR REPORT====
/Users/yutao/Documents/erlang/server_base/src/little_web.erl:none: Error: no such file or directory
