2015-01-11 12:48:22.529 [error] <0.54.0> /Users/yutao/Documents/erlang/mill/src/util/util.erl:25: Warning: function test/0 is unused
/Users/yutao/Documents/erlang/mill/src/util/util.erl:0: Recompiled with 1 warnings
2015-01-11 14:26:19.453 [error] <0.54.0> /Users/yutao/Documents/erlang/mill/src/util/test.erl:2: Error: no module definition
2015-01-11 14:32:33.498 [error] <0.54.0> /Users/yutao/Documents/erlang/mill/src/util/test.erl:none: Error: no such file or directory
2015-01-11 14:36:24.445 [error] <0.54.0> /Users/yutao/Documents/erlang/mill/src/util/test.erl:none: Error: no such file or directory
2015-01-11 14:37:22.045 [error] <0.54.0> /Users/yutao/Documents/erlang/mill/src/util/test.erl:none: Error: no such file or directory
2015-01-11 20:55:55.653 [error] <0.54.0> /Users/yutao/Documents/erlang/mill/src/util/util.erl:7: Warning: record test is unused
/Users/yutao/Documents/erlang/mill/src/util/util.erl:0: Recompiled with 1 warnings
2015-01-11 20:57:11.318 [error] <0.54.0> /Users/yutao/Documents/erlang/mill/src/util/util.erl:7: Warning: record test is unused
/Users/yutao/Documents/erlang/mill/src/util/util.erl:0: Recompiled with 1 warnings
2015-01-11 21:04:13.836 [error] <0.54.0> /Users/yutao/Documents/erlang/mill/src/util/util.erl:7: Warning: record test is unused
/Users/yutao/Documents/erlang/mill/src/util/util.erl:15: Warning: function test/0 is unused
/Users/yutao/Documents/erlang/mill/src/util/util.erl:0: Recompiled with 1 warnings
2015-01-11 21:05:03.425 [error] <0.54.0> /Users/yutao/Documents/erlang/mill/src/util/util.erl:7: Warning: record test is unused
/Users/yutao/Documents/erlang/mill/src/util/util.erl:15: Warning: function test/0 is unused
/Users/yutao/Documents/erlang/mill/src/util/util.erl:16: Warning: the result of the expression is ignored (suppress the warning by assigning the expression to the _ variable)
/Users/yutao/Documents/erlang/mill/src/util/util.erl:0: Recompiled with 1 warnings
2015-01-11 21:05:09.510 [error] <0.54.0> /Users/yutao/Documents/erlang/mill/src/util/util.erl:7: Warning: record test is unused
/Users/yutao/Documents/erlang/mill/src/util/util.erl:15: Warning: function test/0 is unused
/Users/yutao/Documents/erlang/mill/src/util/util.erl:16: Warning: the result of the expression is ignored (suppress the warning by assigning the expression to the _ variable)
/Users/yutao/Documents/erlang/mill/src/util/util.erl:0: Recompiled with 1 warnings
2015-01-11 21:05:10.548 [error] <0.54.0> /Users/yutao/Documents/erlang/mill/src/util/util.erl:7: Warning: record test is unused
/Users/yutao/Documents/erlang/mill/src/util/util.erl:15: Warning: function test/0 is unused
/Users/yutao/Documents/erlang/mill/src/util/util.erl:16: Warning: the result of the expression is ignored (suppress the warning by assigning the expression to the _ variable)
/Users/yutao/Documents/erlang/mill/src/util/util.erl:0: Recompiled with 1 warnings
2015-01-11 21:05:12.596 [error] <0.54.0> /Users/yutao/Documents/erlang/mill/src/util/util.erl:7: Warning: record test is unused
/Users/yutao/Documents/erlang/mill/src/util/util.erl:15: Warning: function test/0 is unused
/Users/yutao/Documents/erlang/mill/src/util/util.erl:16: Warning: the result of the expression is ignored (suppress the warning by assigning the expression to the _ variable)
/Users/yutao/Documents/erlang/mill/src/util/util.erl:0: Recompiled with 1 warnings
2015-01-11 21:05:14.632 [error] <0.54.0> /Users/yutao/Documents/erlang/mill/src/util/util.erl:7: Warning: record test is unused
/Users/yutao/Documents/erlang/mill/src/util/util.erl:15: Warning: function test/0 is unused
/Users/yutao/Documents/erlang/mill/src/util/util.erl:16: Warning: the result of the expression is ignored (suppress the warning by assigning the expression to the _ variable)
/Users/yutao/Documents/erlang/mill/src/util/util.erl:0: Recompiled with 1 warnings
2015-01-11 21:05:18.674 [error] <0.54.0> /Users/yutao/Documents/erlang/mill/src/util/util.erl:7: Warning: record test is unused
/Users/yutao/Documents/erlang/mill/src/util/util.erl:17: Error: syntax error before: "abcdefg"
2015-01-11 21:05:21.720 [error] <0.54.0> /Users/yutao/Documents/erlang/mill/src/util/util.erl:7: Warning: record test is unused
/Users/yutao/Documents/erlang/mill/src/util/util.erl:15: Warning: function test/0 is unused
/Users/yutao/Documents/erlang/mill/src/util/util.erl:16: Warning: the result of the expression is ignored (suppress the warning by assigning the expression to the _ variable)
/Users/yutao/Documents/erlang/mill/src/util/util.erl:0: Recompiled with 1 warnings
2015-01-11 21:05:23.758 [error] <0.54.0> /Users/yutao/Documents/erlang/mill/src/util/util.erl:7: Warning: record test is unused
/Users/yutao/Documents/erlang/mill/src/util/util.erl:15: Warning: function test/0 is unused
/Users/yutao/Documents/erlang/mill/src/util/util.erl:16: Warning: the result of the expression is ignored (suppress the warning by assigning the expression to the _ variable)
/Users/yutao/Documents/erlang/mill/src/util/util.erl:0: Recompiled with 1 warnings
2015-01-11 21:05:24.799 [error] <0.54.0> /Users/yutao/Documents/erlang/mill/src/util/util.erl:7: Warning: record test is unused
/Users/yutao/Documents/erlang/mill/src/util/util.erl:15: Warning: function test/0 is unused
/Users/yutao/Documents/erlang/mill/src/util/util.erl:16: Warning: the result of the expression is ignored (suppress the warning by assigning the expression to the _ variable)
/Users/yutao/Documents/erlang/mill/src/util/util.erl:0: Recompiled with 1 warnings
2015-01-11 21:06:31.523 [error] <0.105.0> Supervisor reddy_conn_sup had child reddy_conn started with reddy_conn:start_link() at undefined exit with reason normal in context shutdown_error
2015-01-14 20:52:19.865 [error] <0.110.0> Supervisor littleapp_sup had child little_web started with little_web:start_link() at undefined exit with reason call to undefined function mill_config:get("redis_server", "host") in context start_error
2015-01-14 20:52:19.866 [error] <0.111.0> CRASH REPORT Process <0.111.0> with 0 neighbours exited with reason: call to undefined function mill_config:get("redis_server", "host") in gen_server:init_it/6 line 330
2015-01-14 20:52:19.866 [error] <0.108.0> CRASH REPORT Process <0.108.0> with 0 neighbours exited with reason: {{shutdown,{failed_to_start_child,little_web,{undef,[{mill_config,get,["redis_server","host"],[]},{little_cache,start,0,[{file,"src/little_cache.erl"},{line,13}]},{little_web,init,1,[{file,"src/little_web.erl"},{line,61}]},{gen_server,init_it,6,[{file,"gen_server.erl"},{line,306}]},{proc_lib,init_p_do_apply,3,[{file,"proc_lib.erl"},{line,239}]}]}}},{little_app,start,[normal,[]]}} in application_master:init/4 line 133
2015-01-14 20:54:43.381 [error] <0.187.0>@little_ping_handler:init:16 ------> lager error
2015-01-14 21:13:24.357 [error] <0.54.0> /Users/yutao/Documents/erlang/server_base/src/conf/mysql_config.erl:8: Warning: this clause cannot match because a previous clause at line 7 always matches
/Users/yutao/Documents/erlang/server_base/src/conf/mysql_config.erl:0: Recompiled with 1 warnings
2015-01-14 21:14:07.487 [error] <0.54.0> /Users/yutao/Documents/erlang/server_base/src/conf/mysql_config.erl:4: Error: function get/2 undefined
/Users/yutao/Documents/erlang/server_base/src/conf/mysql_config.erl:10: Error: syntax error before: 
2015-01-14 21:14:36.039 [error] <0.54.0> /Users/yutao/Documents/erlang/server_base/src/conf/mysql_config.erl:4: Error: function get/2 undefined
/Users/yutao/Documents/erlang/server_base/src/conf/mysql_config.erl:11: Error: syntax error before: 
2015-01-14 21:14:42.187 [error] <0.54.0> /Users/yutao/Documents/erlang/server_base/src/conf/mysql_config.erl:4: Error: function get/2 undefined
/Users/yutao/Documents/erlang/server_base/src/conf/mysql_config.erl:11: Error: syntax error before: 
2015-01-14 21:14:52.412 [error] <0.54.0> /Users/yutao/Documents/erlang/server_base/src/conf/mysql_config.erl:4: Error: function get/2 undefined
/Users/yutao/Documents/erlang/server_base/src/conf/mysql_config.erl:11: Error: syntax error before: 
2015-01-14 21:14:53.451 [error] <0.54.0> /Users/yutao/Documents/erlang/server_base/src/conf/mysql_config.erl:4: Error: function get/2 undefined
/Users/yutao/Documents/erlang/server_base/src/conf/mysql_config.erl:11: Error: syntax error before: 
2015-01-14 21:15:04.658 [error] <0.54.0> /Users/yutao/Documents/erlang/server_base/src/conf/mysql_config.erl:4: Error: function get/2 undefined
/Users/yutao/Documents/erlang/server_base/src/conf/mysql_config.erl:12: Error: syntax error before: 
2015-01-14 21:47:56.431 [error] <0.117.0> CRASH REPORT Process <0.117.0> with 0 neighbours exited with reason: no function clause matching mysql_config:get("mysql", "database") line 7 in gen_server:init_it/6 line 330
2015-01-14 21:47:56.431 [error] <0.116.0> Supervisor littleapp_sup had child little_web started with little_web:start_link() at undefined exit with reason no function clause matching mysql_config:get("mysql", "database") line 7 in context start_error
2015-01-14 21:47:56.431 [error] <0.114.0> CRASH REPORT Process <0.114.0> with 0 neighbours exited with reason: {{shutdown,{failed_to_start_child,little_web,{function_clause,[{mysql_config,get,["mysql","database"],[{file,"src/conf/mysql_config.erl"},{line,7}]},{mysql,start,0,[{file,"src/model/mysql.erl"},{line,12}]},{little_web,init,1,[{file,"src/little_web.erl"},{line,64}]},{gen_server,init_it,6,[{file,"gen_server.erl"},{line,306}]},{proc_lib,init_p_do_apply,3,[{file,"proc_lib.erl"},{line,239}]}]}}},{little_app,start,[normal,[]]}} in application_master:init/4 line 133
2015-01-14 21:48:56.077 [error] <0.117.0> CRASH REPORT Process <0.117.0> with 0 neighbours exited with reason: {failed_to_connect_to_database,econnrefused} in gen_server:init_it/6 line 330
2015-01-14 21:48:56.077 [error] <0.116.0> Supervisor littleapp_sup had child little_web started with little_web:start_link() at undefined exit with reason {failed_to_connect_to_database,econnrefused} in context start_error
2015-01-14 21:48:56.077 [error] <0.114.0> CRASH REPORT Process <0.114.0> with 0 neighbours exited with reason: {{shutdown,{failed_to_start_child,little_web,{failed_to_connect_to_database,econnrefused}}},{little_app,start,[normal,[]]}} in application_master:init/4 line 133
2015-01-14 21:57:39.176 [error] <0.117.0> CRASH REPORT Process <0.117.0> with 0 neighbours exited with reason: no match of right hand value {"ZTx!4%[zv`]2",<<109,121,115,113,108,95,110,97,116,105,118,101,95,112,97,115,115,119,111,114,100,0>>} in emysql_auth:recv_greeting/1 line 55 in gen_server:init_it/6 line 330
2015-01-14 21:57:39.176 [error] <0.116.0> Supervisor littleapp_sup had child little_web started with little_web:start_link() at undefined exit with reason no match of right hand value {"ZTx!4%[zv`]2",<<109,121,115,113,108,95,110,97,116,105,118,101,95,112,97,115,115,119,111,114,100,0>>} in emysql_auth:recv_greeting/1 line 55 in context start_error
2015-01-14 21:57:39.176 [error] <0.114.0> CRASH REPORT Process <0.114.0> with 0 neighbours exited with reason: {{shutdown,{failed_to_start_child,little_web,{{badmatch,{"ZTx!4%[zv`]2",<<109,121,115,113,108,95,110,97,116,105,118,101,95,112,97,115,115,119,111,114,100,0>>}},[{emysql_auth,recv_greeting,1,[{file,"emysql_auth.erl"},{line,55}]},{emysql_auth,do_handshake,3,[{file,"emysql_auth.erl"},{line,32}]},{emysql_conn,open_connection,1,[{file,"emysql_conn.erl"},{line,105}]},{emysql_conn,open_connections,1,[{file,"emysql_conn.erl"},{line,95}]},{emysql,add_pool,8,[{file,"emysql.erl"},{line,70}]},{little_web,...},...]}}},...} in application_master:init/4 line 133
2015-01-14 21:59:36.026 [error] <0.116.0> Supervisor littleapp_sup had child little_web started with little_web:start_link() at undefined exit with reason no match of right hand value {"CzaVh*6oOz;V",<<109,121,115,113,108,95,110,97,116,105,118,101,95,112,97,115,115,119,111,114,100,0>>} in emysql_auth:recv_greeting/1 line 55 in context start_error
2015-01-14 21:59:36.026 [error] <0.117.0> CRASH REPORT Process <0.117.0> with 0 neighbours exited with reason: no match of right hand value {"CzaVh*6oOz;V",<<109,121,115,113,108,95,110,97,116,105,118,101,95,112,97,115,115,119,111,114,100,0>>} in emysql_auth:recv_greeting/1 line 55 in gen_server:init_it/6 line 330
2015-01-14 21:59:36.027 [error] <0.114.0> CRASH REPORT Process <0.114.0> with 0 neighbours exited with reason: {{shutdown,{failed_to_start_child,little_web,{{badmatch,{"CzaVh*6oOz;V",<<109,121,115,113,108,95,110,97,116,105,118,101,95,112,97,115,115,119,111,114,100,0>>}},[{emysql_auth,recv_greeting,1,[{file,"emysql_auth.erl"},{line,55}]},{emysql_auth,do_handshake,3,[{file,"emysql_auth.erl"},{line,32}]},{emysql_conn,open_connection,1,[{file,"emysql_conn.erl"},{line,105}]},{emysql_conn,open_connections,1,[{file,"emysql_conn.erl"},{line,95}]},{emysql,add_pool,8,[{file,"emysql.erl"},{line,70}]},{little_web,...},...]}}},...} in application_master:init/4 line 133
2015-01-14 22:13:26.436 [error] <0.116.0> Supervisor littleapp_sup had child little_web started with little_web:start_link() at undefined exit with reason no match of right hand value {"`|q@+THL$m{B",<<109,121,115,113,108,95,110,97,116,105,118,101,95,112,97,115,115,119,111,114,100,0>>} in emysql_auth:recv_greeting/1 line 55 in context start_error
2015-01-14 22:13:26.436 [error] <0.117.0> CRASH REPORT Process <0.117.0> with 0 neighbours exited with reason: no match of right hand value {"`|q@+THL$m{B",<<109,121,115,113,108,95,110,97,116,105,118,101,95,112,97,115,115,119,111,114,100,0>>} in emysql_auth:recv_greeting/1 line 55 in gen_server:init_it/6 line 330
2015-01-14 22:13:26.436 [error] <0.114.0> CRASH REPORT Process <0.114.0> with 0 neighbours exited with reason: {{shutdown,{failed_to_start_child,little_web,{{badmatch,{"`|q@+THL$m{B",<<109,121,115,113,108,95,110,97,116,105,118,101,95,112,97,115,115,119,111,114,100,0>>}},[{emysql_auth,recv_greeting,1,[{file,"emysql_auth.erl"},{line,55}]},{emysql_auth,do_handshake,3,[{file,"emysql_auth.erl"},{line,32}]},{emysql_conn,open_connection,1,[{file,"emysql_conn.erl"},{line,105}]},{emysql_conn,open_connections,1,[{file,"emysql_conn.erl"},{line,95}]},{emysql,add_pool,8,[{file,"emysql.erl"},{line,70}]},{little_web,...},...]}}},...} in application_master:init/4 line 133
2015-01-14 22:17:02.529 [error] <0.117.0> CRASH REPORT Process <0.117.0> with 0 neighbours exited with reason: no match of right hand value {"j}Wy}*R>#/d.",<<109,121,115,113,108,95,110,97,116,105,118,101,95,112,97,115,115,119,111,114,100,0>>} in emysql_auth:recv_greeting/1 line 55 in gen_server:init_it/6 line 330
2015-01-14 22:17:02.529 [error] <0.116.0> Supervisor littleapp_sup had child little_web started with little_web:start_link() at undefined exit with reason no match of right hand value {"j}Wy}*R>#/d.",<<109,121,115,113,108,95,110,97,116,105,118,101,95,112,97,115,115,119,111,114,100,0>>} in emysql_auth:recv_greeting/1 line 55 in context start_error
2015-01-14 22:17:02.529 [error] <0.114.0> CRASH REPORT Process <0.114.0> with 0 neighbours exited with reason: {{shutdown,{failed_to_start_child,little_web,{{badmatch,{"j}Wy}*R>#/d.",<<109,121,115,113,108,95,110,97,116,105,118,101,95,112,97,115,115,119,111,114,100,0>>}},[{emysql_auth,recv_greeting,1,[{file,"emysql_auth.erl"},{line,55}]},{emysql_auth,do_handshake,3,[{file,"emysql_auth.erl"},{line,32}]},{emysql_conn,open_connection,1,[{file,"emysql_conn.erl"},{line,105}]},{emysql_conn,open_connections,1,[{file,"emysql_conn.erl"},{line,95}]},{emysql,add_pool,8,[{file,"emysql.erl"},{line,70}]},{little_web,...},...]}}},...} in application_master:init/4 line 133
2015-01-14 22:33:02.093 [error] <0.117.0> CRASH REPORT Process <0.117.0> with 0 neighbours exited with reason: no match of right hand value {"La&5x~3|;Qd$",<<109,121,115,113,108,95,110,97,116,105,118,101,95,112,97,115,115,119,111,114,100,0>>} in emysql_auth:recv_greeting/1 line 55 in gen_server:init_it/6 line 330
2015-01-14 22:33:02.094 [error] <0.116.0> Supervisor littleapp_sup had child little_web started with little_web:start_link() at undefined exit with reason no match of right hand value {"La&5x~3|;Qd$",<<109,121,115,113,108,95,110,97,116,105,118,101,95,112,97,115,115,119,111,114,100,0>>} in emysql_auth:recv_greeting/1 line 55 in context start_error
2015-01-14 22:33:02.094 [error] <0.114.0> CRASH REPORT Process <0.114.0> with 0 neighbours exited with reason: {{shutdown,{failed_to_start_child,little_web,{{badmatch,{"La&5x~3|;Qd$",<<109,121,115,113,108,95,110,97,116,105,118,101,95,112,97,115,115,119,111,114,100,0>>}},[{emysql_auth,recv_greeting,1,[{file,"emysql_auth.erl"},{line,55}]},{emysql_auth,do_handshake,3,[{file,"emysql_auth.erl"},{line,32}]},{emysql_conn,open_connection,1,[{file,"emysql_conn.erl"},{line,105}]},{emysql_conn,open_connections,1,[{file,"emysql_conn.erl"},{line,95}]},{emysql,add_pool,8,[{file,"emysql.erl"},{line,70}]},{little_web,...},...]}}},...} in application_master:init/4 line 133
2015-01-14 23:27:51.670 [error] <0.117.0> CRASH REPORT Process <0.117.0> with 0 neighbours exited with reason: no match of right hand value {"(\"o,))2`l|MK",<<109,121,115,113,108,95,110,97,116,105,118,101,95,112,97,115,115,119,111,114,100,0>>} in emysql_auth:recv_greeting/1 line 56 in gen_server:init_it/6 line 330
2015-01-14 23:27:51.670 [error] <0.116.0> Supervisor littleapp_sup had child little_web started with little_web:start_link() at undefined exit with reason no match of right hand value {"(\"o,))2`l|MK",<<109,121,115,113,108,95,110,97,116,105,118,101,95,112,97,115,115,119,111,114,100,0>>} in emysql_auth:recv_greeting/1 line 56 in context start_error
2015-01-14 23:27:51.671 [error] <0.114.0> CRASH REPORT Process <0.114.0> with 0 neighbours exited with reason: {{shutdown,{failed_to_start_child,little_web,{{badmatch,{"(\"o,))2`l|MK",<<109,121,115,113,108,95,110,97,116,105,118,101,95,112,97,115,115,119,111,114,100,0>>}},[{emysql_auth,recv_greeting,1,[{file,"src/emysql_auth.erl"},{line,56}]},{emysql_auth,do_handshake,3,[{file,"src/emysql_auth.erl"},{line,32}]},{emysql_conn,open_connection,1,[{file,"emysql_conn.erl"},{line,105}]},{emysql_conn,open_connections,1,[{file,"emysql_conn.erl"},{line,95}]},{emysql,add_pool,8,[{file,"emysql.erl"},{line,70}]},...]}}},...} in application_master:init/4 line 133
2015-01-14 23:29:54.654 [error] <0.116.0> Supervisor littleapp_sup had child little_web started with little_web:start_link() at undefined exit with reason no match of right hand value {"+t,x=bVj2V=l",<<109,121,115,113,108,95,110,97,116,105,118,101,95,112,97,115,115,119,111,114,100,0>>} in emysql_auth:recv_greeting/1 line 56 in context start_error
2015-01-14 23:29:54.654 [error] <0.117.0> CRASH REPORT Process <0.117.0> with 0 neighbours exited with reason: no match of right hand value {"+t,x=bVj2V=l",<<109,121,115,113,108,95,110,97,116,105,118,101,95,112,97,115,115,119,111,114,100,0>>} in emysql_auth:recv_greeting/1 line 56 in gen_server:init_it/6 line 330
2015-01-14 23:29:54.655 [error] <0.114.0> CRASH REPORT Process <0.114.0> with 0 neighbours exited with reason: {{shutdown,{failed_to_start_child,little_web,{{badmatch,{"+t,x=bVj2V=l",<<109,121,115,113,108,95,110,97,116,105,118,101,95,112,97,115,115,119,111,114,100,0>>}},[{emysql_auth,recv_greeting,1,[{file,"src/emysql_auth.erl"},{line,56}]},{emysql_auth,do_handshake,3,[{file,"src/emysql_auth.erl"},{line,32}]},{emysql_conn,open_connection,1,[{file,"emysql_conn.erl"},{line,105}]},{emysql_conn,open_connections,1,[{file,"emysql_conn.erl"},{line,95}]},{emysql,add_pool,8,[{file,"emysql.erl"},{line,70}]},{...},...]}}},...} in application_master:init/4 line 133
2015-01-14 23:30:33.508 [error] <0.117.0> CRASH REPORT Process <0.117.0> with 0 neighbours exited with reason: {failed_to_set_database,"#42000Access denied for user 'little'@'localhost' to database 'little_db'"} in gen_server:init_it/6 line 330
2015-01-14 23:30:33.508 [error] <0.116.0> Supervisor littleapp_sup had child little_web started with little_web:start_link() at undefined exit with reason {failed_to_set_database,"#42000Access denied for user 'little'@'localhost' to database 'little_db'"} in context start_error
2015-01-14 23:30:33.509 [error] <0.114.0> CRASH REPORT Process <0.114.0> with 0 neighbours exited with reason: {{shutdown,{failed_to_start_child,little_web,{failed_to_set_database,"#42000Access denied for user 'little'@'localhost' to database 'little_db'"}}},{little_app,start,[normal,[]]}} in application_master:init/4 line 133
2015-01-14 23:33:29.903 [error] <0.54.0> /Users/yutao/Documents/erlang/server_base/deps/emysql/src/emysql_auth.erl:99: Warning: crypto:sha/1 is deprecated and will be removed in in a future release; use crypto:hash/2
/Users/yutao/Documents/erlang/server_base/deps/emysql/src/emysql_auth.erl:100: Warning: crypto:sha/1 is deprecated and will be removed in in a future release; use crypto:hash/2
/Users/yutao/Documents/erlang/server_base/deps/emysql/src/emysql_auth.erl:101: Warning: crypto:sha_final/1 is deprecated and will be removed in in a future release; use crypto:hash_final/1
/Users/yutao/Documents/erlang/server_base/deps/emysql/src/emysql_auth.erl:102: Warning: crypto:sha_update/2 is deprecated and will be removed in in a future release; use crypto:hash_update/2
/Users/yutao/Documents/erlang/server_base/deps/emysql/src/emysql_auth.erl:103: Warning: crypto:sha_init/0 is deprecated and will be removed in in a future release; use crypto:hash_init/1
/Users/yutao/Documents/erlang/server_base/deps/emysql/src/emysql_auth.erl:103: Warning: crypto:sha_update/2 is deprecated and will be removed in in a future release; use crypto:hash_update/2
/Users/yutao/Documents/erlang/server_base/deps/emysql/src/emysql_auth.erl:0: Recompiled with 1 warnings
2015-01-14 23:33:30.972 [error] <0.54.0> /Users/yutao/Documents/erlang/server_base/deps/emysql/src/emysql_auth.erl:99: Warning: crypto:sha/1 is deprecated and will be removed in in a future release; use crypto:hash/2
/Users/yutao/Documents/erlang/server_base/deps/emysql/src/emysql_auth.erl:100: Warning: crypto:sha/1 is deprecated and will be removed in in a future release; use crypto:hash/2
/Users/yutao/Documents/erlang/server_base/deps/emysql/src/emysql_auth.erl:101: Warning: crypto:sha_final/1 is deprecated and will be removed in in a future release; use crypto:hash_final/1
/Users/yutao/Documents/erlang/server_base/deps/emysql/src/emysql_auth.erl:102: Warning: crypto:sha_update/2 is deprecated and will be removed in in a future release; use crypto:hash_update/2
/Users/yutao/Documents/erlang/server_base/deps/emysql/src/emysql_auth.erl:103: Warning: crypto:sha_init/0 is deprecated and will be removed in in a future release; use crypto:hash_init/1
/Users/yutao/Documents/erlang/server_base/deps/emysql/src/emysql_auth.erl:103: Warning: crypto:sha_update/2 is deprecated and will be removed in in a future release; use crypto:hash_update/2
/Users/yutao/Documents/erlang/server_base/deps/emysql/src/emysql_auth.erl:0: Recompiled with 1 warnings
2015-01-14 23:33:32.043 [error] <0.54.0> /Users/yutao/Documents/erlang/server_base/deps/emysql/src/emysql_auth.erl:99: Warning: crypto:sha/1 is deprecated and will be removed in in a future release; use crypto:hash/2
/Users/yutao/Documents/erlang/server_base/deps/emysql/src/emysql_auth.erl:100: Warning: crypto:sha/1 is deprecated and will be removed in in a future release; use crypto:hash/2
/Users/yutao/Documents/erlang/server_base/deps/emysql/src/emysql_auth.erl:101: Warning: crypto:sha_final/1 is deprecated and will be removed in in a future release; use crypto:hash_final/1
/Users/yutao/Documents/erlang/server_base/deps/emysql/src/emysql_auth.erl:102: Warning: crypto:sha_update/2 is deprecated and will be removed in in a future release; use crypto:hash_update/2
/Users/yutao/Documents/erlang/server_base/deps/emysql/src/emysql_auth.erl:103: Warning: crypto:sha_init/0 is deprecated and will be removed in in a future release; use crypto:hash_init/1
/Users/yutao/Documents/erlang/server_base/deps/emysql/src/emysql_auth.erl:103: Warning: crypto:sha_update/2 is deprecated and will be removed in in a future release; use crypto:hash_update/2
/Users/yutao/Documents/erlang/server_base/deps/emysql/src/emysql_auth.erl:0: Recompiled with 1 warnings
2015-01-14 23:35:14.106 [error] <0.54.0> /Users/yutao/Documents/erlang/server_base/deps/emysql/src/emysql_auth.erl:99: Warning: crypto:sha/1 is deprecated and will be removed in in a future release; use crypto:hash/2
/Users/yutao/Documents/erlang/server_base/deps/emysql/src/emysql_auth.erl:100: Warning: crypto:sha/1 is deprecated and will be removed in in a future release; use crypto:hash/2
/Users/yutao/Documents/erlang/server_base/deps/emysql/src/emysql_auth.erl:101: Warning: crypto:sha_final/1 is deprecated and will be removed in in a future release; use crypto:hash_final/1
/Users/yutao/Documents/erlang/server_base/deps/emysql/src/emysql_auth.erl:102: Warning: crypto:sha_update/2 is deprecated and will be removed in in a future release; use crypto:hash_update/2
/Users/yutao/Documents/erlang/server_base/deps/emysql/src/emysql_auth.erl:103: Warning: crypto:sha_init/0 is deprecated and will be removed in in a future release; use crypto:hash_init/1
/Users/yutao/Documents/erlang/server_base/deps/emysql/src/emysql_auth.erl:103: Warning: crypto:sha_update/2 is deprecated and will be removed in in a future release; use crypto:hash_update/2
/Users/yutao/Documents/erlang/server_base/deps/emysql/src/emysql_auth.erl:0: Recompiled with 1 warnings
2015-01-14 23:38:33.936 [error] <0.116.0> Supervisor littleapp_sup had child little_web started with little_web:start_link() at undefined exit with reason no match of right hand value {"n0@4!J/Nx49_",<<109,121,115,113,108,95,110,97,116,105,118,101,95,112,97,115,115,119,111,114,100,0>>} in emysql_auth:recv_greeting/1 line 56 in context start_error
2015-01-14 23:38:33.936 [error] <0.117.0> CRASH REPORT Process <0.117.0> with 0 neighbours exited with reason: no match of right hand value {"n0@4!J/Nx49_",<<109,121,115,113,108,95,110,97,116,105,118,101,95,112,97,115,115,119,111,114,100,0>>} in emysql_auth:recv_greeting/1 line 56 in gen_server:init_it/6 line 330
2015-01-14 23:38:33.937 [error] <0.114.0> CRASH REPORT Process <0.114.0> with 0 neighbours exited with reason: {{shutdown,{failed_to_start_child,little_web,{{badmatch,{"n0@4!J/Nx49_",<<109,121,115,113,108,95,110,97,116,105,118,101,95,112,97,115,115,119,111,114,100,0>>}},[{emysql_auth,recv_greeting,1,[{file,"/Users/yutao/Documents/erlang/server_base/deps/emysql/src/emysql_auth.erl"},{line,56}]},{emysql_auth,do_handshake,3,[{file,"/Users/yutao/Documents/erlang/server_base/deps/emysql/src/emysql_auth.erl"},{line,32}]},{emysql_conn,open_connection,1,[{file,"emysql_conn.erl"},{line,105}]},{emysql_conn,open_connections,...},...]}}},...} in application_master:init/4 line 133
2015-01-18 09:39:21.363 [error] <0.132.0> CRASH REPORT Process <0.132.0> with 0 neighbours exited with reason: {error,econnrefused} in gen_server:init_it/6 line 322
2015-01-18 09:39:21.364 [error] <0.111.0> Supervisor reddy_conn_sup had child reddy_conn started with {reddy_conn,start_link,undefined} at <0.132.0> exit with reason {error,econnrefused} in context child_terminated
2015-01-18 09:39:21.364 [error] <0.131.0> CRASH REPORT Process <0.131.0> with 0 neighbours exited with reason: {error,{error,econnrefused}} in gen_server:init_it/6 line 322
2015-01-18 09:39:21.364 [error] <0.112.0> Supervisor reddy_pool_sup had child reddy_pool started with {reddy_pool,start_link,undefined} at <0.131.0> exit with reason {error,{error,econnrefused}} in context child_terminated
2015-01-18 09:44:23.924 [error] <0.132.0> CRASH REPORT Process <0.132.0> with 0 neighbours exited with reason: {error,econnrefused} in gen_server:init_it/6 line 322
2015-01-18 09:44:23.924 [error] <0.111.0> Supervisor reddy_conn_sup had child reddy_conn started with {reddy_conn,start_link,undefined} at <0.132.0> exit with reason {error,econnrefused} in context child_terminated
2015-01-18 09:44:23.924 [error] <0.131.0> CRASH REPORT Process <0.131.0> with 0 neighbours exited with reason: {error,{error,econnrefused}} in gen_server:init_it/6 line 322
2015-01-18 09:44:23.925 [error] <0.112.0> Supervisor reddy_pool_sup had child reddy_pool started with {reddy_pool,start_link,undefined} at <0.131.0> exit with reason {error,{error,econnrefused}} in context child_terminated
2015-01-18 09:47:00.261 [error] <0.132.0> CRASH REPORT Process <0.132.0> with 0 neighbours exited with reason: {error,econnrefused} in gen_server:init_it/6 line 322
2015-01-18 09:47:00.262 [error] <0.111.0> Supervisor reddy_conn_sup had child reddy_conn started with {reddy_conn,start_link,undefined} at <0.132.0> exit with reason {error,econnrefused} in context child_terminated
2015-01-18 09:47:00.262 [error] <0.131.0> CRASH REPORT Process <0.131.0> with 0 neighbours exited with reason: {error,{error,econnrefused}} in gen_server:init_it/6 line 322
2015-01-18 09:47:00.262 [error] <0.112.0> Supervisor reddy_pool_sup had child reddy_pool started with {reddy_pool,start_link,undefined} at <0.131.0> exit with reason {error,{error,econnrefused}} in context child_terminated
2015-01-18 09:48:25.697 [error] <0.132.0> CRASH REPORT Process <0.132.0> with 0 neighbours exited with reason: {error,econnrefused} in gen_server:init_it/6 line 322
2015-01-18 09:48:25.698 [error] <0.111.0> Supervisor reddy_conn_sup had child reddy_conn started with {reddy_conn,start_link,undefined} at <0.132.0> exit with reason {error,econnrefused} in context child_terminated
2015-01-18 09:48:25.698 [error] <0.131.0> CRASH REPORT Process <0.131.0> with 0 neighbours exited with reason: {error,{error,econnrefused}} in gen_server:init_it/6 line 322
2015-01-18 09:48:25.698 [error] <0.112.0> Supervisor reddy_pool_sup had child reddy_pool started with {reddy_pool,start_link,undefined} at <0.131.0> exit with reason {error,{error,econnrefused}} in context child_terminated
2015-01-18 09:57:46.472 [error] <0.54.0> /Users/yutao/Documents/erlang/server_base/src/task/test.erl:15: Error: can't find include file "ecrontab.hrl"
2015-01-18 09:58:54.425 [error] <0.54.0> /Users/yutao/Documents/erlang/server_base/src/task/test.erl:none: Error: no such file or directory
2015-01-18 09:58:56.466 [error] <0.54.0> /Users/yutao/Documents/erlang/server_base/src/task/little_gc_task.erl:0: Error: Module definition (test) differs from expected (little_gc_task)
2015-01-18 15:18:33.231 [error] <0.692.0>@little_ping_handler:init:16 ------> lager error
2015-01-18 15:20:10.668 [error] <0.1036.0>@little_ping_handler:init:16 ------> lager error
2015-01-18 15:21:44.658 [error] <0.54.0> /Users/yutao/Documents/erlang/server_base/src/handler/little_ping_handler.erl:13: Warning: variable 'Opts' is unused
/Users/yutao/Documents/erlang/server_base/src/handler/little_ping_handler.erl:14: Warning: variable 'Method' is unused
/Users/yutao/Documents/erlang/server_base/src/handler/little_ping_handler.erl:15: Warning: variable 'HostInfo' is unused
/Users/yutao/Documents/erlang/server_base/src/handler/little_ping_handler.erl:22: Warning: variable 'Handler' is unused
/Users/yutao/Documents/erlang/server_base/src/handler/little_ping_handler.erl:22: Warning: variable 'State' is unused
/Users/yutao/Documents/erlang/server_base/src/handler/little_ping_handler.erl:0: Recompiled with 1 warnings
2015-01-18 15:22:04.903 [error] <0.54.0> /Users/yutao/Documents/erlang/server_base/src/handler/little_ping_handler.erl:13: Warning: variable 'Opts' is unused
/Users/yutao/Documents/erlang/server_base/src/handler/little_ping_handler.erl:14: Warning: variable 'Method' is unused
/Users/yutao/Documents/erlang/server_base/src/handler/little_ping_handler.erl:23: Warning: variable 'Handler' is unused
/Users/yutao/Documents/erlang/server_base/src/handler/little_ping_handler.erl:23: Warning: variable 'State' is unused
/Users/yutao/Documents/erlang/server_base/src/handler/little_ping_handler.erl:0: Recompiled with 1 warnings
2015-01-18 15:22:30.056 [error] emulator Error in process <0.1387.0> on node 'eric@127.0.0.1' with exit value: {[{reason,undef},{mfa,{little_ping_handler,init,2}},{stacktrace,[{cowboy_req,hostinfo,[{http_req,#Port<0.9351>,ranch_tcp,keepalive,<0.1387.0>,<<3 bytes>>,'HTTP/1.1',{{127,0,0,1},58715},<<9 bytes>>,undefined,9527,<<5 bytes>>,undefined,<<0 bytes>>,[],[{<<10 bytes>>,<<11 bytes>>},{<<4 bytes>>,<<14 bytes>>},{<<6 bytes>>,<<3 bytes>>}],[],waiting,<<0 bytes>>,undefined,false,waiting... 


2015-01-18 15:22:30.057 [error] <0.119.0> Ranch listener little_web had connection process started with cowboy_protocol:start_link/4 at <0.1387.0> exit with reason: {[{reason,undef},{mfa,{little_ping_handler,init,2}},{stacktrace,[{cowboy_req,hostinfo,[{http_req,#Port<0.9351>,ranch_tcp,keepalive,<0.1387.0>,<<"GET">>,'HTTP/1.1',{{127,0,0,1},58715},<<"127.0.0.1">>,undefined,9527,<<"/ping">>,undefined,<<>>,[],[{<<"user-agent">>,<<"curl/7.37.1">>},{<<"host">>,<<"127.0.0.1:9527">>},{<<"accept">>,<<"*/*">>}],[],waiting,<<>>,undefined,false,waiting,[],<<>>,undefined}],[]},{little_ping_handler,init,2,[{file,"/Users/yutao/Documents/erlang/server_base/src/handler/little_ping_handler.erl"},{line,15}]},{cowboy_handler,execute,2,[{file,"src/cowboy_handler.erl"},{line,39}]},{cowboy_protocol,execute,4,[{file,"src/cowboy_protocol.erl"},{line,464}]}]},{req,[{socket,#Port<0.9351>},{transport,ranch_tcp},{connection,keepalive},{pid,<0.1387.0>},{method,<<"GET">>},{version,'HTTP/1.1'},{peer,{{127,0,0,1},58715}},{host,<<"127.0.0.1">>},{host_info,undefined},{port,9527},{path,<<"/ping">>},{path_info,undefined},{qs,<<>>},{bindings,[]},{headers,[{<<"user-agent">>,<<"curl/7.37.1">>},{<<"host">>,<<"127.0.0.1:9527">>},{<<"accept">>,<<"*/*">>}]},{meta,[]},{body_state,waiting},{buffer,<<>>},{multipart,undefined},{resp_compress,false},{resp_state,waiting},{resp_headers,[]},{resp_body,<<>>},{onresponse,undefined}]},{opts,[]}],[{cowboy_protocol,execute,4,[{file,"src/cowboy_protocol.erl"},{line,464}]}]}

2015-01-18 15:28:22.320 [error] <0.54.0> /Users/yutao/Documents/erlang/server_base/src/handler/little_ping_handler.erl:13: Warning: variable 'Opts' is unused
/Users/yutao/Documents/erlang/server_base/src/handler/little_ping_handler.erl:14: Warning: variable 'Method' is unused
/Users/yutao/Documents/erlang/server_base/src/handler/little_ping_handler.erl:23: Warning: variable 'Handler' is unused
/Users/yutao/Documents/erlang/server_base/src/handler/little_ping_handler.erl:23: Warning: variable 'State' is unused
/Users/yutao/Documents/erlang/server_base/src/handler/little_ping_handler.erl:0: Recompiled with 1 warnings
2015-01-18 15:28:23.372 [error] <0.54.0> /Users/yutao/Documents/erlang/server_base/src/handler/little_ping_handler.erl:13: Warning: variable 'Opts' is unused
/Users/yutao/Documents/erlang/server_base/src/handler/little_ping_handler.erl:14: Warning: variable 'Method' is unused
/Users/yutao/Documents/erlang/server_base/src/handler/little_ping_handler.erl:23: Warning: variable 'Handler' is unused
/Users/yutao/Documents/erlang/server_base/src/handler/little_ping_handler.erl:23: Warning: variable 'State' is unused
/Users/yutao/Documents/erlang/server_base/src/handler/little_ping_handler.erl:0: Recompiled with 1 warnings
2015-01-18 15:28:38.961 [error] <0.2264.0>@little_ping_handler:init:17 ------> lager error
2015-01-18 15:31:14.509 [error] <0.54.0> /Users/yutao/Documents/erlang/server_base/src/handler/little_ping_handler.erl:13: Warning: variable 'Opts' is unused
/Users/yutao/Documents/erlang/server_base/src/handler/little_ping_handler.erl:14: Warning: variable 'Method' is unused
/Users/yutao/Documents/erlang/server_base/src/handler/little_ping_handler.erl:23: Warning: variable 'Handler' is unused
/Users/yutao/Documents/erlang/server_base/src/handler/little_ping_handler.erl:23: Warning: variable 'State' is unused
/Users/yutao/Documents/erlang/server_base/src/handler/little_ping_handler.erl:0: Recompiled with 1 warnings
2015-01-18 15:31:23.463 [error] <0.2656.0>@little_ping_handler:init:17 ------> lager error
2015-01-18 15:42:39.082 [error] <0.54.0> /Users/yutao/Documents/erlang/server_base/src/handler/little_ping_handler.erl:13: Warning: variable 'Opts' is unused
/Users/yutao/Documents/erlang/server_base/src/handler/little_ping_handler.erl:14: Warning: variable 'Method' is unused
/Users/yutao/Documents/erlang/server_base/src/handler/little_ping_handler.erl:15: Warning: variable 'HostInfo' is unused
/Users/yutao/Documents/erlang/server_base/src/handler/little_ping_handler.erl:23: Warning: variable 'Handler' is unused
/Users/yutao/Documents/erlang/server_base/src/handler/little_ping_handler.erl:23: Warning: variable 'State' is unused
/Users/yutao/Documents/erlang/server_base/src/handler/little_ping_handler.erl:0: Recompiled with 1 warnings
2015-01-18 15:42:47.495 [error] <0.4237.0>@little_ping_handler:init:17 ------> lager error
2015-01-18 15:43:01.226 [error] <0.4270.0>@little_ping_handler:init:17 ------> lager error
2015-01-18 15:44:26.311 [error] <0.54.0> /Users/yutao/Documents/erlang/server_base/src/handler/little_ping_handler.erl:13: Warning: variable 'Opts' is unused
/Users/yutao/Documents/erlang/server_base/src/handler/little_ping_handler.erl:14: Warning: variable 'Method' is unused
/Users/yutao/Documents/erlang/server_base/src/handler/little_ping_handler.erl:15: Warning: variable 'Peer' is unused
/Users/yutao/Documents/erlang/server_base/src/handler/little_ping_handler.erl:23: Warning: variable 'Handler' is unused
/Users/yutao/Documents/erlang/server_base/src/handler/little_ping_handler.erl:23: Warning: variable 'State' is unused
/Users/yutao/Documents/erlang/server_base/src/handler/little_ping_handler.erl:0: Recompiled with 1 warnings
2015-01-18 15:44:35.453 [error] <0.54.0> /Users/yutao/Documents/erlang/server_base/src/handler/little_ping_handler.erl:13: Warning: variable 'Opts' is unused
/Users/yutao/Documents/erlang/server_base/src/handler/little_ping_handler.erl:14: Warning: variable 'Method' is unused
/Users/yutao/Documents/erlang/server_base/src/handler/little_ping_handler.erl:15: Warning: variable 'Peer' is unused
/Users/yutao/Documents/erlang/server_base/src/handler/little_ping_handler.erl:22: Warning: variable 'Handler' is unused
/Users/yutao/Documents/erlang/server_base/src/handler/little_ping_handler.erl:22: Warning: variable 'State' is unused
/Users/yutao/Documents/erlang/server_base/src/handler/little_ping_handler.erl:0: Recompiled with 1 warnings
2015-01-18 15:44:41.560 [error] <0.54.0> /Users/yutao/Documents/erlang/server_base/src/handler/little_ping_handler.erl:13: Warning: variable 'Opts' is unused
/Users/yutao/Documents/erlang/server_base/src/handler/little_ping_handler.erl:14: Warning: variable 'Method' is unused
/Users/yutao/Documents/erlang/server_base/src/handler/little_ping_handler.erl:22: Warning: variable 'Handler' is unused
/Users/yutao/Documents/erlang/server_base/src/handler/little_ping_handler.erl:22: Warning: variable 'State' is unused
/Users/yutao/Documents/erlang/server_base/src/handler/little_ping_handler.erl:0: Recompiled with 1 warnings
2015-01-18 15:44:43.610 [error] <0.54.0> /Users/yutao/Documents/erlang/server_base/src/handler/little_ping_handler.erl:13: Warning: variable 'Opts' is unused
/Users/yutao/Documents/erlang/server_base/src/handler/little_ping_handler.erl:14: Warning: variable 'Method' is unused
/Users/yutao/Documents/erlang/server_base/src/handler/little_ping_handler.erl:21: Warning: variable 'Handler' is unused
/Users/yutao/Documents/erlang/server_base/src/handler/little_ping_handler.erl:21: Warning: variable 'State' is unused
/Users/yutao/Documents/erlang/server_base/src/handler/little_ping_handler.erl:0: Recompiled with 1 warnings
2015-01-18 15:50:41.134 [error] <0.54.0> /Users/yutao/Documents/erlang/server_base/src/handler/little_ping_handler.erl:13: Warning: variable 'Opts' is unused
/Users/yutao/Documents/erlang/server_base/src/handler/little_ping_handler.erl:14: Warning: variable 'Method' is unused
/Users/yutao/Documents/erlang/server_base/src/handler/little_ping_handler.erl:21: Warning: variable 'Handler' is unused
/Users/yutao/Documents/erlang/server_base/src/handler/little_ping_handler.erl:21: Warning: variable 'State' is unused
/Users/yutao/Documents/erlang/server_base/src/handler/little_ping_handler.erl:0: Recompiled with 1 warnings
2015-01-18 15:50:42.184 [error] <0.54.0> /Users/yutao/Documents/erlang/server_base/src/handler/little_ping_handler.erl:13: Warning: variable 'Opts' is unused
/Users/yutao/Documents/erlang/server_base/src/handler/little_ping_handler.erl:14: Warning: variable 'Method' is unused
/Users/yutao/Documents/erlang/server_base/src/handler/little_ping_handler.erl:21: Warning: variable 'Handler' is unused
/Users/yutao/Documents/erlang/server_base/src/handler/little_ping_handler.erl:21: Warning: variable 'State' is unused
/Users/yutao/Documents/erlang/server_base/src/handler/little_ping_handler.erl:0: Recompiled with 1 warnings
2015-01-18 15:52:02.139 [error] <0.54.0> /Users/yutao/Documents/erlang/server_base/src/handler/little_ping_handler.erl:13: Warning: variable 'Opts' is unused
/Users/yutao/Documents/erlang/server_base/src/handler/little_ping_handler.erl:14: Warning: variable 'Method' is unused
/Users/yutao/Documents/erlang/server_base/src/handler/little_ping_handler.erl:21: Warning: variable 'Handler' is unused
/Users/yutao/Documents/erlang/server_base/src/handler/little_ping_handler.erl:21: Warning: variable 'State' is unused
/Users/yutao/Documents/erlang/server_base/src/handler/little_ping_handler.erl:0: Recompiled with 1 warnings
2015-01-18 15:52:03.199 [error] <0.54.0> /Users/yutao/Documents/erlang/server_base/src/handler/little_ping_handler.erl:13: Warning: variable 'Opts' is unused
/Users/yutao/Documents/erlang/server_base/src/handler/little_ping_handler.erl:14: Warning: variable 'Method' is unused
/Users/yutao/Documents/erlang/server_base/src/handler/little_ping_handler.erl:21: Warning: variable 'Handler' is unused
/Users/yutao/Documents/erlang/server_base/src/handler/little_ping_handler.erl:21: Warning: variable 'State' is unused
/Users/yutao/Documents/erlang/server_base/src/handler/little_ping_handler.erl:0: Recompiled with 1 warnings
2015-01-18 15:52:22.313 [error] <0.119.0> Ranch listener little_web had connection process started with cowboy_protocol:start_link/4 at <0.5672.0> exit with reason: {{badmatch,{http_req,#Port<0.10234>,ranch_tcp,keepalive,<0.5672.0>,<<"GET">>,'HTTP/1.1',{{127,0,0,1},58828},<<"127.0.0.1">>,undefined,9527,<<"/ping">>,undefined,<<>>,[],[{<<"user-agent">>,<<"curl/7.37.1">>},{<<"host">>,<<"127.0.0.1:9527">>},{<<"accept">>,<<"*/*">>}],[],waiting,<<>>,undefined,false,done,[],<<>>,undefined}},[{little_ping_handler,upgrade,6,[{file,"/Users/yutao/Documents/erlang/server_base/src/handler/little_ping_handler.erl"},{line,23}]},{cowboy_protocol,execute,4,[{file,"src/cowboy_protocol.erl"},{line,464}]}]}

2015-01-18 15:52:22.313 [error] emulator Error in process <0.5672.0> on node 'eric@127.0.0.1' with exit value: {{badmatch,{http_req,#Port<0.10234>,ranch_tcp,keepalive,<0.5672.0>,<<3 bytes>>,'HTTP/1.1',{{127,0,0,1},58828},<<9 bytes>>,undefined,9527,<<5 bytes>>,undefined,<<0 bytes>>,[],[{<<10 bytes>>,<<11 bytes>>},{<<4 bytes>>,<<14 bytes>>},{<<6 bytes>>,<<3 bytes>>}],[],waiting,<<0 bytes>>,undefined,false,done,[],<<0 bytes>>,undefined}},[{little_ping_handler,upgrade,6,[{file,"/Users/yutao/Documents/... 


2015-01-18 15:53:25.193 [error] <0.54.0> /Users/yutao/Documents/erlang/server_base/src/handler/little_ping_handler.erl:13: Warning: variable 'Opts' is unused
/Users/yutao/Documents/erlang/server_base/src/handler/little_ping_handler.erl:14: Warning: variable 'Method' is unused
/Users/yutao/Documents/erlang/server_base/src/handler/little_ping_handler.erl:21: Warning: variable 'Handler' is unused
/Users/yutao/Documents/erlang/server_base/src/handler/little_ping_handler.erl:21: Warning: variable 'State' is unused
/Users/yutao/Documents/erlang/server_base/src/handler/little_ping_handler.erl:0: Recompiled with 1 warnings
2015-01-18 15:53:26.243 [error] <0.54.0> /Users/yutao/Documents/erlang/server_base/src/handler/little_ping_handler.erl:13: Warning: variable 'Opts' is unused
/Users/yutao/Documents/erlang/server_base/src/handler/little_ping_handler.erl:14: Warning: variable 'Method' is unused
/Users/yutao/Documents/erlang/server_base/src/handler/little_ping_handler.erl:21: Warning: variable 'Handler' is unused
/Users/yutao/Documents/erlang/server_base/src/handler/little_ping_handler.erl:21: Warning: variable 'State' is unused
/Users/yutao/Documents/erlang/server_base/src/handler/little_ping_handler.erl:0: Recompiled with 1 warnings
2015-01-18 15:53:32.358 [error] <0.119.0> Ranch listener little_web had connection process started with cowboy_protocol:start_link/4 at <0.5865.0> exit with reason: {{badmatch,{http_req,#Port<0.10381>,ranch_tcp,keepalive,<0.5865.0>,<<"GET">>,'HTTP/1.1',{{127,0,0,1},58832},<<"127.0.0.1">>,undefined,9527,<<"/ping">>,undefined,<<>>,[],[{<<"user-agent">>,<<"curl/7.37.1">>},{<<"host">>,<<"127.0.0.1:9527">>},{<<"accept">>,<<"*/*">>}],[],waiting,<<>>,undefined,false,done,[],<<>>,undefined}},[{little_ping_handler,upgrade,6,[{file,"/Users/yutao/Documents/erlang/server_base/src/handler/little_ping_handler.erl"},{line,23}]},{cowboy_protocol,execute,4,[{file,"src/cowboy_protocol.erl"},{line,464}]}]}

2015-01-18 15:53:32.358 [error] emulator Error in process <0.5865.0> on node 'eric@127.0.0.1' with exit value: {{badmatch,{http_req,#Port<0.10381>,ranch_tcp,keepalive,<0.5865.0>,<<3 bytes>>,'HTTP/1.1',{{127,0,0,1},58832},<<9 bytes>>,undefined,9527,<<5 bytes>>,undefined,<<0 bytes>>,[],[{<<10 bytes>>,<<11 bytes>>},{<<4 bytes>>,<<14 bytes>>},{<<6 bytes>>,<<3 bytes>>}],[],waiting,<<0 bytes>>,undefined,false,done,[],<<0 bytes>>,undefined}},[{little_ping_handler,upgrade,6,[{file,"/Users/yutao/Documents/... 


2015-01-18 15:56:01.883 [error] <0.54.0> /Users/yutao/Documents/erlang/server_base/src/handler/little_ping_handler.erl:13: Warning: variable 'Opts' is unused
/Users/yutao/Documents/erlang/server_base/src/handler/little_ping_handler.erl:14: Warning: variable 'Method' is unused
/Users/yutao/Documents/erlang/server_base/src/handler/little_ping_handler.erl:21: Warning: variable 'Handler' is unused
/Users/yutao/Documents/erlang/server_base/src/handler/little_ping_handler.erl:21: Warning: variable 'State' is unused
/Users/yutao/Documents/erlang/server_base/src/handler/little_ping_handler.erl:0: Recompiled with 1 warnings
2015-01-18 15:56:25.197 [error] <0.54.0> /Users/yutao/Documents/erlang/server_base/src/handler/little_ping_handler.erl:13: Warning: variable 'Opts' is unused
/Users/yutao/Documents/erlang/server_base/src/handler/little_ping_handler.erl:14: Warning: variable 'Method' is unused
/Users/yutao/Documents/erlang/server_base/src/handler/little_ping_handler.erl:21: Warning: variable 'Handler' is unused
/Users/yutao/Documents/erlang/server_base/src/handler/little_ping_handler.erl:21: Warning: variable 'State' is unused
/Users/yutao/Documents/erlang/server_base/src/handler/little_ping_handler.erl:0: Recompiled with 1 warnings
2015-01-18 15:56:53.581 [error] <0.54.0> /Users/yutao/Documents/erlang/server_base/src/handler/little_ping_handler.erl:13: Warning: variable 'Opts' is unused
/Users/yutao/Documents/erlang/server_base/src/handler/little_ping_handler.erl:14: Warning: variable 'Method' is unused
/Users/yutao/Documents/erlang/server_base/src/handler/little_ping_handler.erl:21: Warning: variable 'Handler' is unused
/Users/yutao/Documents/erlang/server_base/src/handler/little_ping_handler.erl:21: Warning: variable 'State' is unused
/Users/yutao/Documents/erlang/server_base/src/handler/little_ping_handler.erl:0: Recompiled with 1 warnings
2015-01-18 15:57:08.792 [error] <0.54.0> /Users/yutao/Documents/erlang/server_base/src/handler/little_ping_handler.erl:13: Warning: variable 'Opts' is unused
/Users/yutao/Documents/erlang/server_base/src/handler/little_ping_handler.erl:14: Warning: variable 'Method' is unused
/Users/yutao/Documents/erlang/server_base/src/handler/little_ping_handler.erl:21: Warning: variable 'Handler' is unused
/Users/yutao/Documents/erlang/server_base/src/handler/little_ping_handler.erl:21: Warning: variable 'State' is unused
/Users/yutao/Documents/erlang/server_base/src/handler/little_ping_handler.erl:0: Recompiled with 1 warnings
2015-01-18 16:00:53.072 [error] <0.54.0> /Users/yutao/Documents/erlang/server_base/src/handler/little_ping_handler.erl:13: Warning: variable 'Opts' is unused
/Users/yutao/Documents/erlang/server_base/src/handler/little_ping_handler.erl:14: Warning: variable 'Method' is unused
/Users/yutao/Documents/erlang/server_base/src/handler/little_ping_handler.erl:21: Warning: variable 'Handler' is unused
/Users/yutao/Documents/erlang/server_base/src/handler/little_ping_handler.erl:21: Warning: variable 'State' is unused
/Users/yutao/Documents/erlang/server_base/src/handler/little_ping_handler.erl:0: Recompiled with 1 warnings
2015-01-18 16:03:46.852 [error] <0.54.0> /Users/yutao/Documents/erlang/server_base/src/handler/little_ping_handler.erl:13: Warning: variable 'Opts' is unused
/Users/yutao/Documents/erlang/server_base/src/handler/little_ping_handler.erl:14: Warning: variable 'Method' is unused
/Users/yutao/Documents/erlang/server_base/src/handler/little_ping_handler.erl:21: Warning: variable 'Handler' is unused
/Users/yutao/Documents/erlang/server_base/src/handler/little_ping_handler.erl:21: Warning: variable 'State' is unused
/Users/yutao/Documents/erlang/server_base/src/handler/little_ping_handler.erl:0: Recompiled with 1 warnings
2015-01-18 16:04:37.472 [error] <0.54.0> /Users/yutao/Documents/erlang/server_base/src/handler/little_ping_handler.erl:13: Warning: variable 'Opts' is unused
/Users/yutao/Documents/erlang/server_base/src/handler/little_ping_handler.erl:14: Warning: variable 'Method' is unused
/Users/yutao/Documents/erlang/server_base/src/handler/little_ping_handler.erl:21: Warning: variable 'Handler' is unused
/Users/yutao/Documents/erlang/server_base/src/handler/little_ping_handler.erl:21: Warning: variable 'State' is unused
/Users/yutao/Documents/erlang/server_base/src/handler/little_ping_handler.erl:0: Recompiled with 1 warnings
2015-01-18 16:05:08.855 [error] <0.54.0> /Users/yutao/Documents/erlang/server_base/src/handler/little_ping_handler.erl:13: Warning: variable 'Opts' is unused
/Users/yutao/Documents/erlang/server_base/src/handler/little_ping_handler.erl:14: Warning: variable 'Method' is unused
/Users/yutao/Documents/erlang/server_base/src/handler/little_ping_handler.erl:21: Warning: variable 'Handler' is unused
/Users/yutao/Documents/erlang/server_base/src/handler/little_ping_handler.erl:21: Warning: variable 'Req' is unused
/Users/yutao/Documents/erlang/server_base/src/handler/little_ping_handler.erl:21: Warning: variable 'State' is unused
/Users/yutao/Documents/erlang/server_base/src/handler/little_ping_handler.erl:25: Error: variable 'Req2' is unbound
2015-01-18 16:05:10.893 [error] <0.54.0> /Users/yutao/Documents/erlang/server_base/src/handler/little_ping_handler.erl:13: Warning: variable 'Opts' is unused
/Users/yutao/Documents/erlang/server_base/src/handler/little_ping_handler.erl:14: Warning: variable 'Method' is unused
/Users/yutao/Documents/erlang/server_base/src/handler/little_ping_handler.erl:21: Warning: variable 'Handler' is unused
/Users/yutao/Documents/erlang/server_base/src/handler/little_ping_handler.erl:21: Warning: variable 'Req' is unused
/Users/yutao/Documents/erlang/server_base/src/handler/little_ping_handler.erl:21: Warning: variable 'State' is unused
/Users/yutao/Documents/erlang/server_base/src/handler/little_ping_handler.erl:25: Error: variable 'Req2' is unbound
2015-01-18 16:05:13.960 [error] <0.54.0> /Users/yutao/Documents/erlang/server_base/src/handler/little_ping_handler.erl:13: Warning: variable 'Opts' is unused
/Users/yutao/Documents/erlang/server_base/src/handler/little_ping_handler.erl:14: Warning: variable 'Method' is unused
/Users/yutao/Documents/erlang/server_base/src/handler/little_ping_handler.erl:21: Warning: variable 'Handler' is unused
/Users/yutao/Documents/erlang/server_base/src/handler/little_ping_handler.erl:21: Warning: variable 'State' is unused
/Users/yutao/Documents/erlang/server_base/src/handler/little_ping_handler.erl:0: Recompiled with 1 warnings
2015-01-18 16:05:15.009 [error] <0.54.0> /Users/yutao/Documents/erlang/server_base/src/handler/little_ping_handler.erl:13: Warning: variable 'Opts' is unused
/Users/yutao/Documents/erlang/server_base/src/handler/little_ping_handler.erl:14: Warning: variable 'Method' is unused
/Users/yutao/Documents/erlang/server_base/src/handler/little_ping_handler.erl:21: Warning: variable 'Handler' is unused
/Users/yutao/Documents/erlang/server_base/src/handler/little_ping_handler.erl:21: Warning: variable 'State' is unused
/Users/yutao/Documents/erlang/server_base/src/handler/little_ping_handler.erl:0: Recompiled with 1 warnings
2015-01-18 16:05:17.866 [error] emulator Bad value on output port 'tcp_inet'


2015-01-18 16:05:17.867 [error] <0.119.0> Ranch listener little_web had connection process started with cowboy_protocol:start_link/4 at <0.7627.0> exit with reason: {{badmatch,{error,einval}},[{cowboy_req,response,6,[{file,"src/cowboy_req.erl"},{line,1088}]},{cowboy_req,reply_no_compress,8,[{file,"src/cowboy_req.erl"},{line,840}]},{cowboy_req,reply,4,[{file,"src/cowboy_req.erl"},{line,795}]},{cowboy_req,ensure_response,2,[{file,"src/cowboy_req.erl"},{line,922}]},{cowboy_protocol,next_request,3,[{file,"src/cowboy_protocol.erl"},{line,490}]}]}

2015-01-18 16:05:17.867 [error] emulator Error in process <0.7627.0> on node 'eric@127.0.0.1' with exit value: {{badmatch,{error,einval}},[{cowboy_req,response,6,[{file,"src/cowboy_req.erl"},{line,1088}]},{cowboy_req,reply_no_compress,8,[{file,"src/cowboy_req.erl"},{line,840}]},{cowboy_req,reply,4,[{file,"src/cowboy_req.erl"},{line,795}]},{cowboy_req... 


2015-01-18 16:05:38.241 [error] <0.54.0> /Users/yutao/Documents/erlang/server_base/src/handler/little_ping_handler.erl:13: Warning: variable 'Opts' is unused
/Users/yutao/Documents/erlang/server_base/src/handler/little_ping_handler.erl:14: Warning: variable 'Method' is unused
/Users/yutao/Documents/erlang/server_base/src/handler/little_ping_handler.erl:21: Warning: variable 'Handler' is unused
/Users/yutao/Documents/erlang/server_base/src/handler/little_ping_handler.erl:21: Warning: variable 'State' is unused
/Users/yutao/Documents/erlang/server_base/src/handler/little_ping_handler.erl:0: Recompiled with 1 warnings
2015-01-18 16:05:48.394 [error] <0.54.0> /Users/yutao/Documents/erlang/server_base/src/handler/little_ping_handler.erl:13: Warning: variable 'Opts' is unused
/Users/yutao/Documents/erlang/server_base/src/handler/little_ping_handler.erl:14: Warning: variable 'Method' is unused
/Users/yutao/Documents/erlang/server_base/src/handler/little_ping_handler.erl:21: Warning: variable 'Handler' is unused
/Users/yutao/Documents/erlang/server_base/src/handler/little_ping_handler.erl:21: Warning: variable 'State' is unused
/Users/yutao/Documents/erlang/server_base/src/handler/little_ping_handler.erl:0: Recompiled with 1 warnings
2015-01-18 16:05:54.504 [error] <0.54.0> /Users/yutao/Documents/erlang/server_base/src/handler/little_ping_handler.erl:13: Warning: variable 'Opts' is unused
/Users/yutao/Documents/erlang/server_base/src/handler/little_ping_handler.erl:14: Warning: variable 'Method' is unused
/Users/yutao/Documents/erlang/server_base/src/handler/little_ping_handler.erl:21: Warning: variable 'Handler' is unused
/Users/yutao/Documents/erlang/server_base/src/handler/little_ping_handler.erl:21: Warning: variable 'State' is unused
/Users/yutao/Documents/erlang/server_base/src/handler/little_ping_handler.erl:0: Recompiled with 1 warnings
2015-01-18 16:05:55.545 [error] <0.54.0> /Users/yutao/Documents/erlang/server_base/src/handler/little_ping_handler.erl:13: Warning: variable 'Opts' is unused
/Users/yutao/Documents/erlang/server_base/src/handler/little_ping_handler.erl:14: Warning: variable 'Method' is unused
/Users/yutao/Documents/erlang/server_base/src/handler/little_ping_handler.erl:21: Warning: variable 'Handler' is unused
/Users/yutao/Documents/erlang/server_base/src/handler/little_ping_handler.erl:21: Warning: variable 'State' is unused
/Users/yutao/Documents/erlang/server_base/src/handler/little_ping_handler.erl:0: Recompiled with 1 warnings
2015-01-18 16:05:56.596 [error] <0.54.0> /Users/yutao/Documents/erlang/server_base/src/handler/little_ping_handler.erl:13: Warning: variable 'Opts' is unused
/Users/yutao/Documents/erlang/server_base/src/handler/little_ping_handler.erl:14: Warning: variable 'Method' is unused
/Users/yutao/Documents/erlang/server_base/src/handler/little_ping_handler.erl:21: Warning: variable 'Handler' is unused
/Users/yutao/Documents/erlang/server_base/src/handler/little_ping_handler.erl:21: Warning: variable 'State' is unused
/Users/yutao/Documents/erlang/server_base/src/handler/little_ping_handler.erl:0: Recompiled with 1 warnings
2015-01-18 16:05:58.651 [error] <0.54.0> /Users/yutao/Documents/erlang/server_base/src/handler/little_ping_handler.erl:13: Warning: variable 'Opts' is unused
/Users/yutao/Documents/erlang/server_base/src/handler/little_ping_handler.erl:14: Warning: variable 'Method' is unused
/Users/yutao/Documents/erlang/server_base/src/handler/little_ping_handler.erl:21: Warning: variable 'Handler' is unused
/Users/yutao/Documents/erlang/server_base/src/handler/little_ping_handler.erl:21: Warning: variable 'State' is unused
/Users/yutao/Documents/erlang/server_base/src/handler/little_ping_handler.erl:0: Recompiled with 1 warnings
2015-01-18 16:06:41.164 [error] <0.54.0> /Users/yutao/Documents/erlang/server_base/src/handler/little_ping_handler.erl:13: Warning: variable 'Opts' is unused
/Users/yutao/Documents/erlang/server_base/src/handler/little_ping_handler.erl:14: Warning: variable 'Method' is unused
/Users/yutao/Documents/erlang/server_base/src/handler/little_ping_handler.erl:21: Warning: variable 'Handler' is unused
/Users/yutao/Documents/erlang/server_base/src/handler/little_ping_handler.erl:21: Warning: variable 'State' is unused
/Users/yutao/Documents/erlang/server_base/src/handler/little_ping_handler.erl:0: Recompiled with 1 warnings
2015-01-18 16:11:51.919 [error] <0.54.0> /Users/yutao/Documents/erlang/server_base/src/handler/little_ping_handler.erl:13: Warning: variable 'Opts' is unused
/Users/yutao/Documents/erlang/server_base/src/handler/little_ping_handler.erl:14: Warning: variable 'Method' is unused
/Users/yutao/Documents/erlang/server_base/src/handler/little_ping_handler.erl:23: Warning: variable 'Handler' is unused
/Users/yutao/Documents/erlang/server_base/src/handler/little_ping_handler.erl:23: Warning: variable 'State' is unused
/Users/yutao/Documents/erlang/server_base/src/handler/little_ping_handler.erl:0: Recompiled with 1 warnings
2015-01-18 16:15:57.464 [error] <0.54.0> /Users/yutao/Documents/erlang/server_base/src/handler/little_ping_handler.erl:7: Error: function upgrade/6 undefined
/Users/yutao/Documents/erlang/server_base/src/handler/little_ping_handler.erl:13: Warning: variable 'Opts' is unused
/Users/yutao/Documents/erlang/server_base/src/handler/little_ping_handler.erl:14: Warning: variable 'Method' is unused
/Users/yutao/Documents/erlang/server_base/src/handler/little_ping_handler.erl:25: Error: syntax error before: ')'
2015-01-18 16:16:18.719 [error] <0.54.0> /Users/yutao/Documents/erlang/server_base/src/handler/little_ping_handler.erl:7: Error: function upgrade/6 undefined
/Users/yutao/Documents/erlang/server_base/src/handler/little_ping_handler.erl:13: Warning: variable 'Opts' is unused
/Users/yutao/Documents/erlang/server_base/src/handler/little_ping_handler.erl:14: Warning: variable 'Method' is unused
/Users/yutao/Documents/erlang/server_base/src/handler/little_ping_handler.erl:25: Error: syntax error before: ')'
2015-01-18 16:16:23.789 [error] <0.54.0> /Users/yutao/Documents/erlang/server_base/src/handler/little_ping_handler.erl:7: Error: function upgrade/6 undefined
/Users/yutao/Documents/erlang/server_base/src/handler/little_ping_handler.erl:13: Warning: variable 'Opts' is unused
/Users/yutao/Documents/erlang/server_base/src/handler/little_ping_handler.erl:14: Warning: variable 'Method' is unused
/Users/yutao/Documents/erlang/server_base/src/handler/little_ping_handler.erl:25: Error: syntax error before: ')'
2015-01-18 16:16:58.242 [error] <0.54.0> /Users/yutao/Documents/erlang/server_base/src/handler/little_ping_handler.erl:13: Warning: variable 'Opts' is unused
/Users/yutao/Documents/erlang/server_base/src/handler/little_ping_handler.erl:14: Warning: variable 'Method' is unused
/Users/yutao/Documents/erlang/server_base/src/handler/little_ping_handler.erl:23: Warning: variable 'Handler' is unused
/Users/yutao/Documents/erlang/server_base/src/handler/little_ping_handler.erl:23: Warning: variable 'State' is unused
/Users/yutao/Documents/erlang/server_base/src/handler/little_ping_handler.erl:0: Recompiled with 1 warnings
2015-01-18 16:17:10.430 [error] <0.54.0> /Users/yutao/Documents/erlang/server_base/src/handler/little_ping_handler.erl:13: Warning: variable 'Opts' is unused
/Users/yutao/Documents/erlang/server_base/src/handler/little_ping_handler.erl:14: Warning: variable 'Method' is unused
/Users/yutao/Documents/erlang/server_base/src/handler/little_ping_handler.erl:23: Warning: variable 'Handler' is unused
/Users/yutao/Documents/erlang/server_base/src/handler/little_ping_handler.erl:23: Warning: variable 'State' is unused
/Users/yutao/Documents/erlang/server_base/src/handler/little_ping_handler.erl:0: Recompiled with 1 warnings
2015-01-18 16:17:19.581 [error] <0.54.0> /Users/yutao/Documents/erlang/server_base/src/handler/little_ping_handler.erl:13: Warning: variable 'Opts' is unused
/Users/yutao/Documents/erlang/server_base/src/handler/little_ping_handler.erl:14: Warning: variable 'Method' is unused
/Users/yutao/Documents/erlang/server_base/src/handler/little_ping_handler.erl:23: Warning: variable 'Handler' is unused
/Users/yutao/Documents/erlang/server_base/src/handler/little_ping_handler.erl:23: Warning: variable 'State' is unused
/Users/yutao/Documents/erlang/server_base/src/handler/little_ping_handler.erl:0: Recompiled with 1 warnings
2015-01-18 16:25:30.998 [error] <0.54.0> /Users/yutao/Documents/erlang/server_base/src/handler/little_ping_handler.erl:7: Error: function upgrade/6 undefined
/Users/yutao/Documents/erlang/server_base/src/handler/little_ping_handler.erl:13: Warning: variable 'Opts' is unused
/Users/yutao/Documents/erlang/server_base/src/handler/little_ping_handler.erl:14: Warning: variable 'Method' is unused
/Users/yutao/Documents/erlang/server_base/src/handler/little_ping_handler.erl:25: Error: syntax error before: ')'
2015-01-18 16:25:43.147 [error] <0.54.0> /Users/yutao/Documents/erlang/server_base/src/handler/little_ping_handler.erl:7: Error: function upgrade/6 undefined
/Users/yutao/Documents/erlang/server_base/src/handler/little_ping_handler.erl:13: Warning: variable 'Opts' is unused
/Users/yutao/Documents/erlang/server_base/src/handler/little_ping_handler.erl:14: Warning: variable 'Method' is unused
/Users/yutao/Documents/erlang/server_base/src/handler/little_ping_handler.erl:25: Error: syntax error before: ')'
2015-01-18 16:25:44.173 [error] <0.54.0> /Users/yutao/Documents/erlang/server_base/src/handler/little_ping_handler.erl:7: Error: function upgrade/6 undefined
/Users/yutao/Documents/erlang/server_base/src/handler/little_ping_handler.erl:13: Warning: variable 'Opts' is unused
/Users/yutao/Documents/erlang/server_base/src/handler/little_ping_handler.erl:14: Warning: variable 'Method' is unused
/Users/yutao/Documents/erlang/server_base/src/handler/little_ping_handler.erl:25: Error: syntax error before: ')'
2015-01-18 16:25:56.352 [error] <0.54.0> /Users/yutao/Documents/erlang/server_base/src/handler/little_ping_handler.erl:13: Warning: variable 'Opts' is unused
/Users/yutao/Documents/erlang/server_base/src/handler/little_ping_handler.erl:14: Warning: variable 'Method' is unused
/Users/yutao/Documents/erlang/server_base/src/handler/little_ping_handler.erl:23: Warning: variable 'Handler' is unused
/Users/yutao/Documents/erlang/server_base/src/handler/little_ping_handler.erl:23: Warning: variable 'State' is unused
/Users/yutao/Documents/erlang/server_base/src/handler/little_ping_handler.erl:0: Recompiled with 1 warnings
2015-01-18 16:26:07.527 [error] <0.54.0> /Users/yutao/Documents/erlang/server_base/src/handler/little_ping_handler.erl:13: Warning: variable 'Opts' is unused
/Users/yutao/Documents/erlang/server_base/src/handler/little_ping_handler.erl:14: Warning: variable 'Method' is unused
/Users/yutao/Documents/erlang/server_base/src/handler/little_ping_handler.erl:23: Warning: variable 'Handler' is unused
/Users/yutao/Documents/erlang/server_base/src/handler/little_ping_handler.erl:23: Warning: variable 'State' is unused
/Users/yutao/Documents/erlang/server_base/src/handler/little_ping_handler.erl:0: Recompiled with 1 warnings
2015-01-18 16:26:18.700 [error] <0.54.0> /Users/yutao/Documents/erlang/server_base/src/handler/little_ping_handler.erl:13: Warning: variable 'Opts' is unused
/Users/yutao/Documents/erlang/server_base/src/handler/little_ping_handler.erl:14: Warning: variable 'Method' is unused
/Users/yutao/Documents/erlang/server_base/src/handler/little_ping_handler.erl:23: Warning: variable 'Handler' is unused
/Users/yutao/Documents/erlang/server_base/src/handler/little_ping_handler.erl:23: Warning: variable 'State' is unused
/Users/yutao/Documents/erlang/server_base/src/handler/little_ping_handler.erl:0: Recompiled with 1 warnings
2015-01-18 16:26:30.854 [error] <0.54.0> /Users/yutao/Documents/erlang/server_base/src/handler/little_ping_handler.erl:13: Warning: variable 'Opts' is unused
/Users/yutao/Documents/erlang/server_base/src/handler/little_ping_handler.erl:14: Warning: variable 'Method' is unused
/Users/yutao/Documents/erlang/server_base/src/handler/little_ping_handler.erl:23: Warning: variable 'Handler' is unused
/Users/yutao/Documents/erlang/server_base/src/handler/little_ping_handler.erl:23: Warning: variable 'State' is unused
/Users/yutao/Documents/erlang/server_base/src/handler/little_ping_handler.erl:0: Recompiled with 1 warnings
2015-01-18 16:27:34.700 [error] <0.54.0> /Users/yutao/Documents/erlang/server_base/src/handler/little_ping_handler.erl:13: Warning: variable 'Opts' is unused
/Users/yutao/Documents/erlang/server_base/src/handler/little_ping_handler.erl:14: Warning: variable 'Method' is unused
/Users/yutao/Documents/erlang/server_base/src/handler/little_ping_handler.erl:23: Warning: variable 'Handler' is unused
/Users/yutao/Documents/erlang/server_base/src/handler/little_ping_handler.erl:23: Warning: variable 'State' is unused
/Users/yutao/Documents/erlang/server_base/src/handler/little_ping_handler.erl:0: Recompiled with 1 warnings
2015-01-18 18:03:49.622 [error] <0.54.0> /Users/yutao/Documents/erlang/server_base/src/handler/little_ping_handler.erl:13: Warning: variable 'Opts' is unused
/Users/yutao/Documents/erlang/server_base/src/handler/little_ping_handler.erl:14: Warning: variable 'Method' is unused
/Users/yutao/Documents/erlang/server_base/src/handler/little_ping_handler.erl:23: Warning: variable 'Handler' is unused
/Users/yutao/Documents/erlang/server_base/src/handler/little_ping_handler.erl:23: Warning: variable 'State' is unused
/Users/yutao/Documents/erlang/server_base/src/handler/little_ping_handler.erl:0: Recompiled with 1 warnings
2015-01-18 19:18:34.189 [error] <0.54.0> /Users/yutao/Documents/erlang/server_base/src/handler/little_ping_handler.erl:13: Warning: variable 'Opts' is unused
/Users/yutao/Documents/erlang/server_base/src/handler/little_ping_handler.erl:14: Warning: variable 'Method' is unused
/Users/yutao/Documents/erlang/server_base/src/handler/little_ping_handler.erl:23: Warning: variable 'Handler' is unused
/Users/yutao/Documents/erlang/server_base/src/handler/little_ping_handler.erl:23: Warning: variable 'State' is unused
/Users/yutao/Documents/erlang/server_base/src/handler/little_ping_handler.erl:0: Recompiled with 1 warnings
2015-01-18 19:22:54.865 [error] <0.54.0> /Users/yutao/Documents/erlang/server_base/src/little_web.erl:9: Error: function init/1 undefined
/Users/yutao/Documents/erlang/server_base/src/little_web.erl:18: Warning: record state is unused
/Users/yutao/Documents/erlang/server_base/src/little_web.erl:54: Error: syntax error before: '{'
2015-01-18 19:23:05.989 [error] <0.54.0> /Users/yutao/Documents/erlang/server_base/src/little_web.erl:9: Error: function init/1 undefined
/Users/yutao/Documents/erlang/server_base/src/little_web.erl:18: Warning: record state is unused
/Users/yutao/Documents/erlang/server_base/src/little_web.erl:54: Error: syntax error before: '{'
2015-01-18 19:23:07.016 [error] <0.54.0> /Users/yutao/Documents/erlang/server_base/src/little_web.erl:9: Error: function init/1 undefined
/Users/yutao/Documents/erlang/server_base/src/little_web.erl:18: Warning: record state is unused
/Users/yutao/Documents/erlang/server_base/src/little_web.erl:54: Error: syntax error before: '{'
2015-01-18 20:20:24.046 [error] <0.54.0> /Users/yutao/Documents/erlang/server_base/src/http_test/http_test.erl:8: Error: variable 'Body' is unbound
/Users/yutao/Documents/erlang/server_base/src/http_test/http_test.erl:8: Error: variable 'Hdrs' is unbound
/Users/yutao/Documents/erlang/server_base/src/http_test/http_test.erl:8: Error: variable 'Method' is unbound
/Users/yutao/Documents/erlang/server_base/src/http_test/http_test.erl:8: Error: variable 'Timeout' is unbound
/Users/yutao/Documents/erlang/server_base/src/http_test/http_test.erl:8: Error: variable 'Url' is unbound
2015-01-18 20:20:37.226 [error] <0.54.0> /Users/yutao/Documents/erlang/server_base/src/http_test/http_test.erl:5: Error: function run/0 undefined
/Users/yutao/Documents/erlang/server_base/src/http_test/http_test.erl:7: Warning: function run/5 is unused
2015-01-18 20:55:58.090 [error] <0.134.0> CRASH REPORT Process <0.134.0> with 0 neighbours exited with reason: no match of right hand value false in ranch_ssl:listen/1 line 81 in gen_server:init_it/6 line 330
2015-01-18 20:55:58.090 [error] <0.132.0> Supervisor {<0.132.0>,ranch_listener_sup} had child ranch_acceptors_sup started with ranch_acceptors_sup:start_link(little_web, 10, ranch_ssl, [{port,9527}]) at undefined exit with reason no match of right hand value false in ranch_ssl:listen/1 line 81 in context start_error
2015-01-18 22:45:17.297 [error] <0.63.0> /Users/yutao/Documents/erlang/server_base/src/little_web.erl:none: Error: no such file or directory
